[debug] [2025-05-15T16:37:26.250Z] ----------------------------------------------------------------------
[debug] [2025-05-15T16:37:26.256Z] Command:       C:\Program Files\nodejs\node.exe C:\Users\Bendlala\AppData\Roaming\npm\node_modules\firebase-tools\lib\bin\firebase.js functions:shell
[debug] [2025-05-15T16:37:26.256Z] CLI Version:   14.3.1
[debug] [2025-05-15T16:37:26.256Z] Platform:      win32
[debug] [2025-05-15T16:37:26.257Z] Node Version:  v20.17.0
[debug] [2025-05-15T16:37:26.257Z] Time:          Thu May 15 2025 17:37:26 GMT+0100 (UTC+01:00)
[debug] [2025-05-15T16:37:26.257Z] ----------------------------------------------------------------------
[debug] 
[debug] [2025-05-15T16:37:26.609Z] > command requires scopes: ["email","openid","https://www.googleapis.com/auth/cloudplatformprojects.readonly","https://www.googleapis.com/auth/firebase","https://www.googleapis.com/auth/cloud-platform"]
[debug] [2025-05-15T16:37:26.609Z] > authorizing via signed-in user (h.thompson.jr22@gmail.com)
[debug] [2025-05-15T16:37:26.610Z] [iam] checking project assist-app-6c044 for permissions ["firebase.projects.get"]
[debug] [2025-05-15T16:37:26.612Z] Checked if tokens are valid: false, expires at: 1747323777616
[debug] [2025-05-15T16:37:26.612Z] Checked if tokens are valid: false, expires at: 1747323777616
[debug] [2025-05-15T16:37:26.613Z] > refreshing access token with scopes: []
[debug] [2025-05-15T16:37:26.616Z] >>> [apiv2][query] POST https://www.googleapis.com/oauth2/v3/token [none]
[debug] [2025-05-15T16:37:26.616Z] >>> [apiv2][body] POST https://www.googleapis.com/oauth2/v3/token [omitted]
[debug] [2025-05-15T16:37:27.095Z] <<< [apiv2][status] POST https://www.googleapis.com/oauth2/v3/token 200
[debug] [2025-05-15T16:37:27.095Z] <<< [apiv2][body] POST https://www.googleapis.com/oauth2/v3/token [omitted]
[debug] [2025-05-15T16:37:27.113Z] >>> [apiv2][query] POST https://cloudresourcemanager.googleapis.com/v1/projects/assist-app-6c044:testIamPermissions [none]
[debug] [2025-05-15T16:37:27.113Z] >>> [apiv2][(partial)header] POST https://cloudresourcemanager.googleapis.com/v1/projects/assist-app-6c044:testIamPermissions x-goog-quota-user=projects/assist-app-6c044
[debug] [2025-05-15T16:37:27.113Z] >>> [apiv2][body] POST https://cloudresourcemanager.googleapis.com/v1/projects/assist-app-6c044:testIamPermissions {"permissions":["firebase.projects.get"]}
[debug] [2025-05-15T16:37:28.098Z] <<< [apiv2][status] POST https://cloudresourcemanager.googleapis.com/v1/projects/assist-app-6c044:testIamPermissions 200
[debug] [2025-05-15T16:37:28.098Z] <<< [apiv2][body] POST https://cloudresourcemanager.googleapis.com/v1/projects/assist-app-6c044:testIamPermissions {"permissions":["firebase.projects.get"]}
[debug] [2025-05-15T16:37:28.108Z] [functions] Functions Emulator only supports listening on one address (127.0.0.1). Not listening on ::1
[debug] [2025-05-15T16:37:28.185Z] defaultcredentials: writing to file C:\Users\Bendlala\AppData\Roaming\firebase\h_thompson.jr22_gmail.com_application_default_credentials.json
[debug] [2025-05-15T16:37:28.191Z] DEBUG: Setting GAC to C:\Users\Bendlala\AppData\Roaming\firebase\h_thompson.jr22_gmail.com_application_default_credentials.json
[debug] [2025-05-15T16:37:28.193Z] Checked if tokens are valid: true, expires at: 1747330646096
[debug] [2025-05-15T16:37:28.193Z] Checked if tokens are valid: true, expires at: 1747330646096
[debug] [2025-05-15T16:37:28.193Z] >>> [apiv2][query] GET https://firebase.googleapis.com/v1beta1/projects/assist-app-6c044/adminSdkConfig [none]
[debug] [2025-05-15T16:37:29.036Z] <<< [apiv2][status] GET https://firebase.googleapis.com/v1beta1/projects/assist-app-6c044/adminSdkConfig 200
[debug] [2025-05-15T16:37:29.036Z] <<< [apiv2][body] GET https://firebase.googleapis.com/v1beta1/projects/assist-app-6c044/adminSdkConfig {"projectId":"assist-app-6c044","storageBucket":"assist-app-6c044.firebasestorage.app"}
[debug] [2025-05-15T16:37:29.059Z] [functions] Watching "C:\Users\Bendlala\Desktop\AA\TheAssistApp\functions" for Cloud Functions...
[debug] [2025-05-15T16:37:29.068Z] Validating nodejs source
[warn] !  functions: package.json indicates an outdated version of firebase-functions. Please upgrade using npm install --save firebase-functions@latest in your functions directory. 
[warn] !  functions: Please note that there will be breaking changes when you upgrade. 
[debug] [2025-05-15T16:37:31.093Z] > [functions] package.json contents: {
  "name": "functions",
  "scripts": {
    "lint": "echo 'Skipping lint check for now' || eslint --ext .js,.ts .",
    "build": "tsc",
    "build:watch": "tsc --watch",
    "serve": "npm run build && firebase emulators:start --only functions",
    "shell": "npm run build && firebase functions:shell",
    "start": "npm run shell",
    "deploy": "firebase deploy --only functions",
    "logs": "firebase functions:log"
  },
  "engines": {
    "node": "18"
  },
  "main": "lib/index.js",
  "dependencies": {
    "dotenv": "^16.5.0",
    "firebase-admin": "^11.8.0",
    "firebase-functions": "^4.3.1",
    "handlebars": "^4.7.7",
    "nodemailer": "^6.9.1",
    "resend": "^4.5.1"
  },
  "devDependencies": {
    "@types/entities": "^1.1.1",
    "@types/nodemailer": "^6.4.17",
    "@typescript-eslint/eslint-plugin": "^5.12.0",
    "@typescript-eslint/parser": "^5.12.0",
    "eslint": "^8.9.0",
    "eslint-config-google": "^0.14.0",
    "eslint-plugin-import": "^2.25.4",
    "firebase-functions-test": "^3.1.0",
    "typescript": "^4.9.0"
  },
  "private": true
}
[debug] [2025-05-15T16:37:31.093Z] Building nodejs source
[debug] [2025-05-15T16:37:31.094Z] Failed to find version of module node: reached end of search path C:\Users\Bendlala\Desktop\AA\TheAssistApp\functions\node_modules
[warn] !  functions: Your requested "node" version "18" doesn't match your global version "20". Using node@20 from host. 
[info] i  functions: Loaded environment variables from .env. 
[info] i  functions: You are using a version of firebase-functions SDK (4.9.0) that does not have support for the newest Firebase Extensions features. Please update firebase-functions SDK to >=5.1.0 to use them correctly 
[debug] [2025-05-15T16:37:31.101Z] Could not find functions.yaml. Must use http discovery
[debug] [2025-05-15T16:37:31.110Z] Found firebase-functions binary at 'C:\Users\Bendlala\Desktop\AA\TheAssistApp\functions\node_modules\.bin\firebase-functions'
[info] Serving at port 8143

[debug] [2025-05-15T16:37:33.710Z] Got response from /__/functions.yaml {"endpoints":{"sendPreAuthVerificationCode":{"platform":"gcfv1","availableMemoryMb":null,"timeoutSeconds":null,"minInstances":null,"maxInstances":null,"ingressSettings":null,"serviceAccountEmail":null,"vpc":null,"httpsTrigger":{},"entryPoint":"sendPreAuthVerificationCode"},"verifyPreAuthCode":{"platform":"gcfv1","availableMemoryMb":null,"timeoutSeconds":null,"minInstances":null,"maxInstances":null,"ingressSettings":null,"serviceAccountEmail":null,"vpc":null,"httpsTrigger":{},"entryPoint":"verifyPreAuthCode"},"createVerifiedUser":{"platform":"gcfv1","labels":{},"availableMemoryMb":null,"timeoutSeconds":null,"minInstances":null,"maxInstances":null,"ingressSettings":null,"serviceAccountEmail":null,"vpc":null,"callableTrigger":{},"entryPoint":"createVerifiedUser"},"sendVerificationCode":{"platform":"gcfv1","labels":{},"availableMemoryMb":null,"timeoutSeconds":null,"minInstances":null,"maxInstances":null,"ingressSettings":null,"serviceAccountEmail":null,"vpc":null,"callableTrigger":{},"entryPoint":"sendVerificationCode"},"sendPasswordResetEmail":{"platform":"gcfv1","labels":{},"availableMemoryMb":null,"timeoutSeconds":null,"minInstances":null,"maxInstances":null,"ingressSettings":null,"serviceAccountEmail":null,"vpc":null,"callableTrigger":{},"entryPoint":"sendPasswordResetEmail"},"sendWelcomeEmail":{"platform":"gcfv1","availableMemoryMb":null,"timeoutSeconds":null,"minInstances":null,"maxInstances":null,"ingressSettings":null,"serviceAccountEmail":null,"vpc":null,"eventTrigger":{"eventType":"providers/firebase.auth/eventTypes/user.create","eventFilters":{"resource":"projects/assist-app-6c044"},"retry":false},"labels":{},"entryPoint":"sendWelcomeEmail"}},"specVersion":"v1alpha1","requiredAPIs":[]}
[debug] [2025-05-15T16:37:38.795Z] [functions] Loaded functions definitions from source: sendPreAuthVerificationCode, verifyPreAuthCode, createVerifiedUser, sendVerificationCode, sendPasswordResetEmail, sendWelcomeEmail.
[debug] [2025-05-15T16:37:38.797Z] [functions[us-central1-sendPreAuthVerificationCode]] http function initialized (http://127.0.0.1:5001/assist-app-6c044/us-central1/sendPreAuthVerificationCode).
[debug] [2025-05-15T16:37:38.798Z] [functions[us-central1-verifyPreAuthCode]] http function initialized (http://127.0.0.1:5001/assist-app-6c044/us-central1/verifyPreAuthCode).
[debug] [2025-05-15T16:37:38.798Z] [functions[us-central1-createVerifiedUser]] http function initialized (http://127.0.0.1:5001/assist-app-6c044/us-central1/createVerifiedUser).
[debug] [2025-05-15T16:37:38.799Z] [functions[us-central1-sendVerificationCode]] http function initialized (http://127.0.0.1:5001/assist-app-6c044/us-central1/sendVerificationCode).
[debug] [2025-05-15T16:37:38.799Z] [functions[us-central1-sendPasswordResetEmail]] http function initialized (http://127.0.0.1:5001/assist-app-6c044/us-central1/sendPasswordResetEmail).
[debug] [2025-05-15T16:37:38.800Z] addAuthTrigger {"eventTrigger":{"eventType":"providers/firebase.auth/eventTypes/user.create","resource":"projects/assist-app-6c044"}}
[debug] [2025-05-15T16:37:38.800Z] [functions[us-central1-sendWelcomeEmail]] auth function initialized.
[info] i  functions: Loaded functions: sendPreAuthVerificationCode, verifyPreAuthCode, createVerifiedUser, sendVerificationCode, sendPasswordResetEmail, sendWelcomeEmail 
[warn] !  functions: The following emulators are not running, calls to these services will affect production: firestore, database, pubsub, storage, eventarc, tasks 
