[debug] [2025-05-21T21:43:06.541Z] ----------------------------------------------------------------------
[debug] [2025-05-21T21:43:06.548Z] Command:       C:\Program Files\nodejs\node.exe C:\Users\Bendlala\AppData\Roaming\npm\node_modules\firebase-tools\lib\bin\firebase.js deploy --only functions:webhook
[debug] [2025-05-21T21:43:06.550Z] CLI Version:   14.4.0
[debug] [2025-05-21T21:43:06.550Z] Platform:      win32
[debug] [2025-05-21T21:43:06.550Z] Node Version:  v20.17.0
[debug] [2025-05-21T21:43:06.550Z] Time:          Wed May 21 2025 22:43:06 GMT+0100 (UTC+01:00)
[debug] [2025-05-21T21:43:06.551Z] ----------------------------------------------------------------------
[debug] 
[debug] [2025-05-21T21:43:07.085Z] Field "/functions" in "firebase.json" is possibly invalid: must be object
[debug] [2025-05-21T21:43:07.086Z] Field "/functions/0/runtime" in "firebase.json" is possibly invalid: must be equal to one of the allowed values
[debug] [2025-05-21T21:43:07.086Z] Field "/functions" in "firebase.json" is possibly invalid: must match a schema in anyOf
[debug] [2025-05-21T21:43:07.098Z] > command requires scopes: ["email","openid","https://www.googleapis.com/auth/cloudplatformprojects.readonly","https://www.googleapis.com/auth/firebase","https://www.googleapis.com/auth/cloud-platform"]
[debug] [2025-05-21T21:43:07.099Z] > authorizing via signed-in user (h.thompson.jr22@gmail.com)
[debug] [2025-05-21T21:43:07.100Z] [iam] checking project assist-app-6c044 for permissions ["cloudfunctions.functions.create","cloudfunctions.functions.delete","cloudfunctions.functions.get","cloudfunctions.functions.list","cloudfunctions.functions.update","cloudfunctions.operations.get","firebase.projects.get"]
[debug] [2025-05-21T21:43:07.104Z] Checked if tokens are valid: true, expires at: 1747866725972
[debug] [2025-05-21T21:43:07.104Z] Checked if tokens are valid: true, expires at: 1747866725972
[debug] [2025-05-21T21:43:07.108Z] >>> [apiv2][query] POST https://cloudresourcemanager.googleapis.com/v1/projects/assist-app-6c044:testIamPermissions [none]
[debug] [2025-05-21T21:43:07.109Z] >>> [apiv2][(partial)header] POST https://cloudresourcemanager.googleapis.com/v1/projects/assist-app-6c044:testIamPermissions x-goog-quota-user=projects/assist-app-6c044
[debug] [2025-05-21T21:43:07.109Z] >>> [apiv2][body] POST https://cloudresourcemanager.googleapis.com/v1/projects/assist-app-6c044:testIamPermissions {"permissions":["cloudfunctions.functions.create","cloudfunctions.functions.delete","cloudfunctions.functions.get","cloudfunctions.functions.list","cloudfunctions.functions.update","cloudfunctions.operations.get","firebase.projects.get"]}
[debug] [2025-05-21T21:43:08.372Z] <<< [apiv2][status] POST https://cloudresourcemanager.googleapis.com/v1/projects/assist-app-6c044:testIamPermissions 200
[debug] [2025-05-21T21:43:08.372Z] <<< [apiv2][body] POST https://cloudresourcemanager.googleapis.com/v1/projects/assist-app-6c044:testIamPermissions {"permissions":["cloudfunctions.functions.create","cloudfunctions.functions.delete","cloudfunctions.functions.get","cloudfunctions.functions.list","cloudfunctions.functions.update","cloudfunctions.operations.get","firebase.projects.get"]}
[debug] [2025-05-21T21:43:08.373Z] Checked if tokens are valid: true, expires at: 1747866725972
[debug] [2025-05-21T21:43:08.373Z] Checked if tokens are valid: true, expires at: 1747866725972
[debug] [2025-05-21T21:43:08.373Z] >>> [apiv2][query] POST https://iam.googleapis.com/v1/projects/assist-app-6c044/serviceAccounts/assist-app-6c044@appspot.gserviceaccount.com:testIamPermissions [none]
[debug] [2025-05-21T21:43:08.373Z] >>> [apiv2][body] POST https://iam.googleapis.com/v1/projects/assist-app-6c044/serviceAccounts/assist-app-6c044@appspot.gserviceaccount.com:testIamPermissions {"permissions":["iam.serviceAccounts.actAs"]}
[debug] [2025-05-21T21:43:09.370Z] <<< [apiv2][status] POST https://iam.googleapis.com/v1/projects/assist-app-6c044/serviceAccounts/assist-app-6c044@appspot.gserviceaccount.com:testIamPermissions 200
[debug] [2025-05-21T21:43:09.370Z] <<< [apiv2][body] POST https://iam.googleapis.com/v1/projects/assist-app-6c044/serviceAccounts/assist-app-6c044@appspot.gserviceaccount.com:testIamPermissions {"permissions":["iam.serviceAccounts.actAs"]}
[info] 
[info] === Deploying to 'assist-app-6c044'...
[info] 
[info] i  deploying functions 
[info] Running command: npm --prefix "$RESOURCE_DIR" run build
[info] +  functions: Finished running predeploy script. 
[debug] [2025-05-21T21:43:24.051Z] Checked if tokens are valid: true, expires at: 1747866725972
[debug] [2025-05-21T21:43:24.051Z] Checked if tokens are valid: true, expires at: 1747866725972
[debug] [2025-05-21T21:43:24.052Z] >>> [apiv2][query] GET https://serviceusage.googleapis.com/v1/projects/assist-app-6c044/services/cloudresourcemanager.googleapis.com [none]
[debug] [2025-05-21T21:43:24.052Z] >>> [apiv2][(partial)header] GET https://serviceusage.googleapis.com/v1/projects/assist-app-6c044/services/cloudresourcemanager.googleapis.com x-goog-quota-user=projects/assist-app-6c044
[debug] [2025-05-21T21:43:25.221Z] <<< [apiv2][status] GET https://serviceusage.googleapis.com/v1/projects/assist-app-6c044/services/cloudresourcemanager.googleapis.com 200
[debug] [2025-05-21T21:43:25.221Z] <<< [apiv2][body] GET https://serviceusage.googleapis.com/v1/projects/assist-app-6c044/services/cloudresourcemanager.googleapis.com [omitted]
[debug] [2025-05-21T21:43:25.222Z] Checked if tokens are valid: true, expires at: 1747866725972
[debug] [2025-05-21T21:43:25.222Z] Checked if tokens are valid: true, expires at: 1747866725972
[debug] [2025-05-21T21:43:25.222Z] >>> [apiv2][query] GET https://cloudresourcemanager.googleapis.com/v1/projects/assist-app-6c044 [none]
[debug] [2025-05-21T21:43:26.088Z] <<< [apiv2][status] GET https://cloudresourcemanager.googleapis.com/v1/projects/assist-app-6c044 200
[debug] [2025-05-21T21:43:26.089Z] <<< [apiv2][body] GET https://cloudresourcemanager.googleapis.com/v1/projects/assist-app-6c044 {"projectNumber":"656491948525","projectId":"assist-app-6c044","lifecycleState":"ACTIVE","name":"Assist App","labels":{"firebase":"enabled","firebase-core":"disabled"},"createTime":"2025-05-13T16:00:05.260396Z"}
[info] i  functions: preparing codebase webhook for deployment 
[info] i  functions: ensuring required API cloudfunctions.googleapis.com is enabled... 
[debug] [2025-05-21T21:43:26.118Z] Checked if tokens are valid: true, expires at: 1747866725972
[debug] [2025-05-21T21:43:26.119Z] Checked if tokens are valid: true, expires at: 1747866725972
[debug] [2025-05-21T21:43:26.119Z] Checked if tokens are valid: true, expires at: 1747866725972
[debug] [2025-05-21T21:43:26.120Z] Checked if tokens are valid: true, expires at: 1747866725972
[info] i  functions: ensuring required API cloudbuild.googleapis.com is enabled... 
[debug] [2025-05-21T21:43:26.129Z] Checked if tokens are valid: true, expires at: 1747866725972
[debug] [2025-05-21T21:43:26.129Z] Checked if tokens are valid: true, expires at: 1747866725972
[info] i  artifactregistry: ensuring required API artifactregistry.googleapis.com is enabled... 
[debug] [2025-05-21T21:43:26.150Z] Checked if tokens are valid: true, expires at: 1747866725972
[debug] [2025-05-21T21:43:26.151Z] Checked if tokens are valid: true, expires at: 1747866725972
[debug] [2025-05-21T21:43:26.151Z] >>> [apiv2][query] GET https://serviceusage.googleapis.com/v1/projects/assist-app-6c044/services/cloudfunctions.googleapis.com [none]
[debug] [2025-05-21T21:43:26.151Z] >>> [apiv2][(partial)header] GET https://serviceusage.googleapis.com/v1/projects/assist-app-6c044/services/cloudfunctions.googleapis.com x-goog-quota-user=projects/assist-app-6c044
[debug] [2025-05-21T21:43:26.153Z] >>> [apiv2][query] GET https://serviceusage.googleapis.com/v1/projects/assist-app-6c044/services/runtimeconfig.googleapis.com [none]
[debug] [2025-05-21T21:43:26.153Z] >>> [apiv2][(partial)header] GET https://serviceusage.googleapis.com/v1/projects/assist-app-6c044/services/runtimeconfig.googleapis.com x-goog-quota-user=projects/assist-app-6c044
[debug] [2025-05-21T21:43:26.157Z] >>> [apiv2][query] GET https://serviceusage.googleapis.com/v1/projects/assist-app-6c044/services/cloudbuild.googleapis.com [none]
[debug] [2025-05-21T21:43:26.158Z] >>> [apiv2][(partial)header] GET https://serviceusage.googleapis.com/v1/projects/assist-app-6c044/services/cloudbuild.googleapis.com x-goog-quota-user=projects/assist-app-6c044
[debug] [2025-05-21T21:43:26.163Z] >>> [apiv2][query] GET https://serviceusage.googleapis.com/v1/projects/assist-app-6c044/services/artifactregistry.googleapis.com [none]
[debug] [2025-05-21T21:43:26.163Z] >>> [apiv2][(partial)header] GET https://serviceusage.googleapis.com/v1/projects/assist-app-6c044/services/artifactregistry.googleapis.com x-goog-quota-user=projects/assist-app-6c044
[debug] [2025-05-21T21:43:27.102Z] <<< [apiv2][status] GET https://serviceusage.googleapis.com/v1/projects/assist-app-6c044/services/cloudfunctions.googleapis.com 200
[debug] [2025-05-21T21:43:27.102Z] <<< [apiv2][body] GET https://serviceusage.googleapis.com/v1/projects/assist-app-6c044/services/cloudfunctions.googleapis.com [omitted]
[info] +  functions: required API cloudfunctions.googleapis.com is enabled 
[debug] [2025-05-21T21:43:27.210Z] <<< [apiv2][status] GET https://serviceusage.googleapis.com/v1/projects/assist-app-6c044/services/runtimeconfig.googleapis.com 200
[debug] [2025-05-21T21:43:27.211Z] <<< [apiv2][body] GET https://serviceusage.googleapis.com/v1/projects/assist-app-6c044/services/runtimeconfig.googleapis.com [omitted]
[debug] [2025-05-21T21:43:27.227Z] <<< [apiv2][status] GET https://serviceusage.googleapis.com/v1/projects/assist-app-6c044/services/artifactregistry.googleapis.com 200
[debug] [2025-05-21T21:43:27.228Z] <<< [apiv2][body] GET https://serviceusage.googleapis.com/v1/projects/assist-app-6c044/services/artifactregistry.googleapis.com [omitted]
[info] +  artifactregistry: required API artifactregistry.googleapis.com is enabled 
[debug] [2025-05-21T21:43:27.256Z] <<< [apiv2][status] GET https://serviceusage.googleapis.com/v1/projects/assist-app-6c044/services/cloudbuild.googleapis.com 200
[debug] [2025-05-21T21:43:27.257Z] <<< [apiv2][body] GET https://serviceusage.googleapis.com/v1/projects/assist-app-6c044/services/cloudbuild.googleapis.com [omitted]
[info] +  functions: required API cloudbuild.googleapis.com is enabled 
[debug] [2025-05-21T21:43:27.264Z] Checked if tokens are valid: true, expires at: 1747866725972
[debug] [2025-05-21T21:43:27.264Z] Checked if tokens are valid: true, expires at: 1747866725972
[debug] [2025-05-21T21:43:27.264Z] >>> [apiv2][query] GET https://firebase.googleapis.com/v1beta1/projects/assist-app-6c044/adminSdkConfig [none]
[debug] [2025-05-21T21:43:27.951Z] <<< [apiv2][status] GET https://firebase.googleapis.com/v1beta1/projects/assist-app-6c044/adminSdkConfig 200
[debug] [2025-05-21T21:43:27.951Z] <<< [apiv2][body] GET https://firebase.googleapis.com/v1beta1/projects/assist-app-6c044/adminSdkConfig {"projectId":"assist-app-6c044","storageBucket":"assist-app-6c044.firebasestorage.app"}
[debug] [2025-05-21T21:43:27.952Z] Checked if tokens are valid: true, expires at: 1747866725972
[debug] [2025-05-21T21:43:27.952Z] Checked if tokens are valid: true, expires at: 1747866725972
[debug] [2025-05-21T21:43:27.953Z] >>> [apiv2][query] GET https://runtimeconfig.googleapis.com/v1beta1/projects/assist-app-6c044/configs [none]
[debug] [2025-05-21T21:43:28.548Z] <<< [apiv2][status] GET https://runtimeconfig.googleapis.com/v1beta1/projects/assist-app-6c044/configs 200
[debug] [2025-05-21T21:43:28.548Z] <<< [apiv2][body] GET https://runtimeconfig.googleapis.com/v1beta1/projects/assist-app-6c044/configs {"configs":[{"name":"projects/assist-app-6c044/configs/stripe"}]}
[debug] [2025-05-21T21:43:28.549Z] Checked if tokens are valid: true, expires at: 1747866725972
[debug] [2025-05-21T21:43:28.549Z] Checked if tokens are valid: true, expires at: 1747866725972
[debug] [2025-05-21T21:43:28.550Z] >>> [apiv2][query] GET https://runtimeconfig.googleapis.com/v1beta1/projects/assist-app-6c044/configs/stripe/variables [none]
[debug] [2025-05-21T21:43:28.852Z] <<< [apiv2][status] GET https://runtimeconfig.googleapis.com/v1beta1/projects/assist-app-6c044/configs/stripe/variables 200
[debug] [2025-05-21T21:43:28.853Z] <<< [apiv2][body] GET https://runtimeconfig.googleapis.com/v1beta1/projects/assist-app-6c044/configs/stripe/variables {"variables":[{"name":"projects/assist-app-6c044/configs/stripe/variables/webhook_secret","updateTime":"2025-05-21T20:59:39.464176509Z"}]}
[debug] [2025-05-21T21:43:28.854Z] Checked if tokens are valid: true, expires at: 1747866725972
[debug] [2025-05-21T21:43:28.854Z] Checked if tokens are valid: true, expires at: 1747866725972
[debug] [2025-05-21T21:43:28.854Z] >>> [apiv2][query] GET https://runtimeconfig.googleapis.com/v1beta1/projects/assist-app-6c044/configs/stripe/variables/webhook_secret [none]
[debug] [2025-05-21T21:43:29.136Z] <<< [apiv2][status] GET https://runtimeconfig.googleapis.com/v1beta1/projects/assist-app-6c044/configs/stripe/variables/webhook_secret 200
[debug] [2025-05-21T21:43:29.136Z] <<< [apiv2][body] GET https://runtimeconfig.googleapis.com/v1beta1/projects/assist-app-6c044/configs/stripe/variables/webhook_secret {"name":"projects/assist-app-6c044/configs/stripe/variables/webhook_secret","updateTime":"2025-05-21T20:59:39.464176509Z","text":"whsec_AAnH38FQ3KPt8LjOUQ4pZtSwEc8GF9A3"}
[debug] [2025-05-21T21:43:29.141Z] Validating nodejs source
[warn] !  functions: Runtime Node.js 18 was deprecated on 2025-04-30 and will be decommissioned on 2025-10-30, after which you will not be able to deploy without upgrading. Consider upgrading now to avoid disruption. See https://cloud.google.com/functions/docs/runtime-support for full details on the lifecycle policy 
[debug] [2025-05-21T21:43:32.774Z] > [functions] package.json contents: {
  "name": "functions-webhook",
  "description": "Isolated Stripe webhook handler with enterprise-grade security",
  "scripts": {
    "lint": "echo 'Skipping lint check for now' || eslint --ext .js,.ts .",
    "build": "tsc",
    "serve": "npm run build && firebase emulators:start --only functions",
    "shell": "npm run build && firebase functions:shell",
    "start": "npm run shell",
    "deploy": "firebase deploy --only functions:webhook",
    "logs": "firebase functions:log",
    "clean": "rimraf lib"
  },
  "engines": {
    "node": "18"
  },
  "main": "lib/index.js",
  "dependencies": {
    "@types/express": "^5.0.2",
    "express": "^4.21.2",
    "firebase-admin": "^11.8.0",
    "firebase-functions": "^6.3.2",
    "rimraf": "^6.0.1",
    "stripe": "^14.8.0"
  },
  "devDependencies": {
    "@typescript-eslint/eslint-plugin": "^5.12.0",
    "@typescript-eslint/parser": "^5.12.0",
    "eslint": "^8.9.0",
    "typescript": "^4.9.0"
  },
  "private": true
}
[debug] [2025-05-21T21:43:32.774Z] Building nodejs source
[info] i  functions: Loading and analyzing source code for codebase webhook to determine what to deploy 
[debug] [2025-05-21T21:43:32.791Z] Could not find functions.yaml. Must use http discovery
[debug] [2025-05-21T21:43:32.812Z] Found firebase-functions binary at 'C:\Users\Bendlala\Desktop\AA\TheAssistApp\functions-webhook\node_modules\.bin\firebase-functions'
[info] Serving at port 8844

[debug] [2025-05-21T21:43:36.155Z] Got response from /__/functions.yaml {"endpoints":{"stripeWebhook":{"availableMemoryMb":null,"timeoutSeconds":null,"minInstances":null,"maxInstances":null,"ingressSettings":null,"concurrency":null,"serviceAccountEmail":null,"vpc":null,"platform":"gcfv2","labels":{},"httpsTrigger":{},"entryPoint":"stripeWebhook"},"updateSubscriptionStatus":{"availableMemoryMb":null,"timeoutSeconds":null,"minInstances":null,"maxInstances":null,"ingressSettings":null,"concurrency":null,"serviceAccountEmail":null,"vpc":null,"platform":"gcfv2","labels":{},"callableTrigger":{},"entryPoint":"updateSubscriptionStatus"}},"specVersion":"v1alpha1","requiredAPIs":[],"extensions":{}}
[info] i  extensions: ensuring required API firebaseextensions.googleapis.com is enabled... 
[debug] [2025-05-21T21:43:41.327Z] Checked if tokens are valid: true, expires at: 1747866725972
[debug] [2025-05-21T21:43:41.327Z] Checked if tokens are valid: true, expires at: 1747866725972
[debug] [2025-05-21T21:43:41.327Z] >>> [apiv2][query] GET https://serviceusage.googleapis.com/v1/projects/assist-app-6c044/services/firebaseextensions.googleapis.com [none]
[debug] [2025-05-21T21:43:41.327Z] >>> [apiv2][(partial)header] GET https://serviceusage.googleapis.com/v1/projects/assist-app-6c044/services/firebaseextensions.googleapis.com x-goog-quota-user=projects/assist-app-6c044
[debug] [2025-05-21T21:43:42.576Z] <<< [apiv2][status] GET https://serviceusage.googleapis.com/v1/projects/assist-app-6c044/services/firebaseextensions.googleapis.com 200
[debug] [2025-05-21T21:43:42.576Z] <<< [apiv2][body] GET https://serviceusage.googleapis.com/v1/projects/assist-app-6c044/services/firebaseextensions.googleapis.com [omitted]
[info] +  extensions: required API firebaseextensions.googleapis.com is enabled 
[debug] [2025-05-21T21:43:42.583Z] > command requires scopes: ["email","openid","https://www.googleapis.com/auth/cloudplatformprojects.readonly","https://www.googleapis.com/auth/firebase","https://www.googleapis.com/auth/cloud-platform"]
[debug] [2025-05-21T21:43:42.584Z] > authorizing via signed-in user (h.thompson.jr22@gmail.com)
[debug] [2025-05-21T21:43:42.584Z] [iam] checking project assist-app-6c044 for permissions ["firebase.projects.get","firebaseextensions.instances.list"]
[debug] [2025-05-21T21:43:42.584Z] Checked if tokens are valid: true, expires at: 1747866725972
[debug] [2025-05-21T21:43:42.584Z] Checked if tokens are valid: true, expires at: 1747866725972
[debug] [2025-05-21T21:43:42.585Z] >>> [apiv2][query] POST https://cloudresourcemanager.googleapis.com/v1/projects/assist-app-6c044:testIamPermissions [none]
[debug] [2025-05-21T21:43:42.585Z] >>> [apiv2][(partial)header] POST https://cloudresourcemanager.googleapis.com/v1/projects/assist-app-6c044:testIamPermissions x-goog-quota-user=projects/assist-app-6c044
[debug] [2025-05-21T21:43:42.585Z] >>> [apiv2][body] POST https://cloudresourcemanager.googleapis.com/v1/projects/assist-app-6c044:testIamPermissions {"permissions":["firebase.projects.get","firebaseextensions.instances.list"]}
[debug] [2025-05-21T21:43:43.592Z] <<< [apiv2][status] POST https://cloudresourcemanager.googleapis.com/v1/projects/assist-app-6c044:testIamPermissions 200
[debug] [2025-05-21T21:43:43.593Z] <<< [apiv2][body] POST https://cloudresourcemanager.googleapis.com/v1/projects/assist-app-6c044:testIamPermissions {"permissions":["firebase.projects.get","firebaseextensions.instances.list"]}
[debug] [2025-05-21T21:43:43.594Z] Checked if tokens are valid: true, expires at: 1747866725972
[debug] [2025-05-21T21:43:43.594Z] Checked if tokens are valid: true, expires at: 1747866725972
[debug] [2025-05-21T21:43:43.595Z] >>> [apiv2][query] GET https://firebaseextensions.googleapis.com/v1beta/projects/assist-app-6c044/instances pageSize=100&pageToken=
[debug] [2025-05-21T21:43:44.660Z] <<< [apiv2][status] GET https://firebaseextensions.googleapis.com/v1beta/projects/assist-app-6c044/instances 200
[debug] [2025-05-21T21:43:44.660Z] <<< [apiv2][body] GET https://firebaseextensions.googleapis.com/v1beta/projects/assist-app-6c044/instances {}
[info] i  functions: preparing . directory for uploading... 
[info] i  functions: packaged C:\Users\Bendlala\Desktop\AA\TheAssistApp\functions-webhook (72.11 KB) for uploading 
[debug] [2025-05-21T21:43:45.017Z] Checked if tokens are valid: true, expires at: 1747866725972
[debug] [2025-05-21T21:43:45.017Z] Checked if tokens are valid: true, expires at: 1747866725972
[debug] [2025-05-21T21:43:45.017Z] >>> [apiv2][query] GET https://cloudfunctions.googleapis.com/v1/projects/assist-app-6c044/locations/-/functions [none]
[debug] [2025-05-21T21:43:45.947Z] <<< [apiv2][status] GET https://cloudfunctions.googleapis.com/v1/projects/assist-app-6c044/locations/-/functions 200
[debug] [2025-05-21T21:43:45.947Z] <<< [apiv2][body] GET https://cloudfunctions.googleapis.com/v1/projects/assist-app-6c044/locations/-/functions {"functions":[{"name":"projects/assist-app-6c044/locations/us-central1/functions/getSubscriptionStatus","httpsTrigger":{"url":"https://us-central1-assist-app-6c044.cloudfunctions.net/getSubscriptionStatus","securityLevel":"SECURE_ALWAYS"},"status":"ACTIVE","entryPoint":"getSubscriptionStatus","timeout":"60s","availableMemoryMb":256,"serviceAccountEmail":"assist-app-6c044@appspot.gserviceaccount.com","updateTime":"2025-05-20T01:01:08.078Z","versionId":"2","labels":{"firebase-functions-hash":"23b183f8b2d6babd9a355d818d053751ccbec7df","deployment-tool":"cli-firebase","deployment-callable":"true"},"sourceUploadUrl":"https://storage.googleapis.com/uploads-929823437146.us-central1.cloudfunctions.appspot.com/d0be15cb-fb94-496a-9d0a-73f0d0e0b5bf.zip","environmentVariables":{"RESEND_API_KEY":"re_jQCkvCqJ_6JDMScEv65Acpsb7mPAgjmfw","FIREBASE_CONFIG":"{\"projectId\":\"assist-app-6c044\",\"storageBucket\":\"assist-app-6c044.firebasestorage.app\"}","GCLOUD_PROJECT":"assist-app-6c044","EVENTARC_CLOUD_EVENT_SOURCE":"projects/assist-app-6c044/locations/us-central1/functions/getSubscriptionStatus"},"runtime":"nodejs18","ingressSettings":"ALLOW_ALL","buildId":"7ec91d71-aae6-44d2-aac6-7e498e5fd5ea","buildEnvironmentVariables":{"GOOGLE_NODE_RUN_SCRIPTS":""},"buildName":"projects/656491948525/locations/us-central1/builds/7ec91d71-aae6-44d2-aac6-7e498e5fd5ea","dockerRegistry":"ARTIFACT_REGISTRY","automaticUpdatePolicy":{},"buildServiceAccount":"projects/assist-app-6c044/serviceAccounts/656491948525-compute@developer.gserviceaccount.com","satisfiesPzi":true},{"name":"projects/assist-app-6c044/locations/us-central1/functions/sendVerificationCode","httpsTrigger":{"url":"https://us-central1-assist-app-6c044.cloudfunctions.net/sendVerificationCode","securityLevel":"SECURE_ALWAYS"},"status":"ACTIVE","entryPoint":"sendVerificationCode","timeout":"60s","availableMemoryMb":256,"serviceAccountEmail":"assist-app-6c044@appspot.gserviceaccount.com","updateTime":"2025-05-20T01:01:04.156Z","versionId":"6","labels":{"firebase-functions-hash":"23b183f8b2d6babd9a355d818d053751ccbec7df","deployment-tool":"cli-firebase","deployment-callable":"true"},"sourceUploadUrl":"https://storage.googleapis.com/uploads-929823437146.us-central1.cloudfunctions.appspot.com/d0be15cb-fb94-496a-9d0a-73f0d0e0b5bf.zip","environmentVariables":{"RESEND_API_KEY":"re_jQCkvCqJ_6JDMScEv65Acpsb7mPAgjmfw","FIREBASE_CONFIG":"{\"projectId\":\"assist-app-6c044\",\"storageBucket\":\"assist-app-6c044.firebasestorage.app\"}","GCLOUD_PROJECT":"assist-app-6c044","EVENTARC_CLOUD_EVENT_SOURCE":"projects/assist-app-6c044/locations/us-central1/functions/sendVerificationCode"},"runtime":"nodejs18","ingressSettings":"ALLOW_ALL","buildId":"7ec91d71-aae6-44d2-aac6-7e498e5fd5ea","buildEnvironmentVariables":{"GOOGLE_NODE_RUN_SCRIPTS":""},"buildName":"projects/656491948525/locations/us-central1/builds/7ec91d71-aae6-44d2-aac6-7e498e5fd5ea","dockerRegistry":"ARTIFACT_REGISTRY","automaticUpdatePolicy":{},"buildServiceAccount":"projects/assist-app-6c044/serviceAccounts/656491948525-compute@developer.gserviceaccount.com","satisfiesPzi":true},{"name":"projects/assist-app-6c044/locations/us-central1/functions/createVerifiedUser","httpsTrigger":{"url":"https://us-central1-assist-app-6c044.cloudfunctions.net/createVerifiedUser","securityLevel":"SECURE_ALWAYS"},"status":"ACTIVE","entryPoint":"createVerifiedUser","timeout":"60s","availableMemoryMb":256,"serviceAccountEmail":"assist-app-6c044@appspot.gserviceaccount.com","updateTime":"2025-05-20T01:01:09.119Z","versionId":"4","labels":{"deployment-callable":"true","firebase-functions-hash":"23b183f8b2d6babd9a355d818d053751ccbec7df","deployment-tool":"cli-firebase"},"sourceUploadUrl":"https://storage.googleapis.com/uploads-929823437146.us-central1.cloudfunctions.appspot.com/d0be15cb-fb94-496a-9d0a-73f0d0e0b5bf.zip","environmentVariables":{"RESEND_API_KEY":"re_jQCkvCqJ_6JDMScEv65Acpsb7mPAgjmfw","FIREBASE_CONFIG":"{\"projectId\":\"assist-app-6c044\",\"storageBucket\":\"assist-app-6c044.firebasestorage.app\"}","GCLOUD_PROJECT":"assist-app-6c044","EVENTARC_CLOUD_EVENT_SOURCE":"projects/assist-app-6c044/locations/us-central1/functions/createVerifiedUser"},"runtime":"nodejs18","ingressSettings":"ALLOW_ALL","buildId":"7ec91d71-aae6-44d2-aac6-7e498e5fd5ea","buildEnvironmentVariables":{"GOOGLE_NODE_RUN_SCRIPTS":""},"buildName":"projects/656491948525/locations/us-central1/builds/7ec91d71-aae6-44d2-aac6-7e498e5fd5ea","dockerRegistry":"ARTIFACT_REGISTRY","automaticUpdatePolicy":{},"buildServiceAccount":"projects/assist-app-6c044/serviceAccounts/656491948525-compute@developer.gserviceaccount.com","satisfiesPzi":true},{"name":"projects/assist-app-6c044/locations/us-central1/functions/sendPasswordResetEmail","httpsTrigger":{"url":"https://us-central1-assist-app-6c044.cloudfunctions.net/sendPasswordResetEmail","securityLevel":"SECURE_ALWAYS"},"status":"ACTIVE","entryPoint":"sendPasswordResetEmail","timeout":"60s","availableMemoryMb":256,"serviceAccountEmail":"assist-app-6c044@appspot.gserviceaccount.com","updateTime":"2025-05-20T01:01:09.676Z","versionId":"10","labels":{"deployment-tool":"cli-firebase","deployment-callable":"true","firebase-functions-hash":"23b183f8b2d6babd9a355d818d053751ccbec7df"},"sourceUploadUrl":"https://storage.googleapis.com/uploads-929823437146.us-central1.cloudfunctions.appspot.com/d0be15cb-fb94-496a-9d0a-73f0d0e0b5bf.zip","environmentVariables":{"RESEND_API_KEY":"re_jQCkvCqJ_6JDMScEv65Acpsb7mPAgjmfw","FIREBASE_CONFIG":"{\"projectId\":\"assist-app-6c044\",\"storageBucket\":\"assist-app-6c044.firebasestorage.app\"}","GCLOUD_PROJECT":"assist-app-6c044","EVENTARC_CLOUD_EVENT_SOURCE":"projects/assist-app-6c044/locations/us-central1/functions/sendPasswordResetEmail"},"runtime":"nodejs18","ingressSettings":"ALLOW_ALL","buildId":"7ec91d71-aae6-44d2-aac6-7e498e5fd5ea","buildEnvironmentVariables":{"GOOGLE_NODE_RUN_SCRIPTS":""},"buildName":"projects/656491948525/locations/us-central1/builds/7ec91d71-aae6-44d2-aac6-7e498e5fd5ea","dockerRegistry":"ARTIFACT_REGISTRY","automaticUpdatePolicy":{},"buildServiceAccount":"projects/assist-app-6c044/serviceAccounts/656491948525-compute@developer.gserviceaccount.com","satisfiesPzi":true},{"name":"projects/assist-app-6c044/locations/us-central1/functions/sendPreAuthVerificationCode","httpsTrigger":{"url":"https://us-central1-assist-app-6c044.cloudfunctions.net/sendPreAuthVerificationCode","securityLevel":"SECURE_ALWAYS"},"status":"ACTIVE","entryPoint":"sendPreAuthVerificationCode","timeout":"60s","availableMemoryMb":256,"serviceAccountEmail":"assist-app-6c044@appspot.gserviceaccount.com","updateTime":"2025-05-20T01:01:06.940Z","versionId":"5","labels":{"deployment-tool":"cli-firebase","firebase-functions-hash":"23b183f8b2d6babd9a355d818d053751ccbec7df"},"sourceUploadUrl":"https://storage.googleapis.com/uploads-929823437146.us-central1.cloudfunctions.appspot.com/d0be15cb-fb94-496a-9d0a-73f0d0e0b5bf.zip","environmentVariables":{"RESEND_API_KEY":"re_jQCkvCqJ_6JDMScEv65Acpsb7mPAgjmfw","FIREBASE_CONFIG":"{\"projectId\":\"assist-app-6c044\",\"storageBucket\":\"assist-app-6c044.firebasestorage.app\"}","GCLOUD_PROJECT":"assist-app-6c044","EVENTARC_CLOUD_EVENT_SOURCE":"projects/assist-app-6c044/locations/us-central1/functions/sendPreAuthVerificationCode"},"runtime":"nodejs18","ingressSettings":"ALLOW_ALL","buildId":"7ec91d71-aae6-44d2-aac6-7e498e5fd5ea","buildEnvironmentVariables":{"GOOGLE_NODE_RUN_SCRIPTS":""},"buildName":"projects/656491948525/locations/us-central1/builds/7ec91d71-aae6-44d2-aac6-7e498e5fd5ea","dockerRegistry":"ARTIFACT_REGISTRY","automaticUpdatePolicy":{},"buildServiceAccount":"projects/assist-app-6c044/serviceAccounts/656491948525-compute@developer.gserviceaccount.com","satisfiesPzi":true},{"name":"projects/assist-app-6c044/locations/us-central1/functions/checkSubscriptionIntegrity","httpsTrigger":{"url":"https://us-central1-assist-app-6c044.cloudfunctions.net/checkSubscriptionIntegrity","securityLevel":"SECURE_ALWAYS"},"status":"ACTIVE","entryPoint":"checkSubscriptionIntegrity","timeout":"60s","availableMemoryMb":256,"serviceAccountEmail":"assist-app-6c044@appspot.gserviceaccount.com","updateTime":"2025-05-20T01:01:09.291Z","versionId":"2","labels":{"deployment-tool":"cli-firebase","deployment-callable":"true","firebase-functions-hash":"23b183f8b2d6babd9a355d818d053751ccbec7df"},"sourceUploadUrl":"https://storage.googleapis.com/uploads-929823437146.us-central1.cloudfunctions.appspot.com/d0be15cb-fb94-496a-9d0a-73f0d0e0b5bf.zip","environmentVariables":{"RESEND_API_KEY":"re_jQCkvCqJ_6JDMScEv65Acpsb7mPAgjmfw","FIREBASE_CONFIG":"{\"projectId\":\"assist-app-6c044\",\"storageBucket\":\"assist-app-6c044.firebasestorage.app\"}","GCLOUD_PROJECT":"assist-app-6c044","EVENTARC_CLOUD_EVENT_SOURCE":"projects/assist-app-6c044/locations/us-central1/functions/checkSubscriptionIntegrity"},"runtime":"nodejs18","ingressSettings":"ALLOW_ALL","buildId":"7ec91d71-aae6-44d2-aac6-7e498e5fd5ea","buildEnvironmentVariables":{"GOOGLE_NODE_RUN_SCRIPTS":""},"buildName":"projects/656491948525/locations/us-central1/builds/7ec91d71-aae6-44d2-aac6-7e498e5fd5ea","dockerRegistry":"ARTIFACT_REGISTRY","automaticUpdatePolicy":{},"buildServiceAccount":"projects/assist-app-6c044/serviceAccounts/656491948525-compute@developer.gserviceaccount.com","satisfiesPzi":true},{"name":"projects/assist-app-6c044/locations/us-central1/functions/sendWelcomeEmail","eventTrigger":{"eventType":"providers/firebase.auth/eventTypes/user.create","resource":"projects/assist-app-6c044","service":"firebaseauth.googleapis.com","failurePolicy":{}},"status":"ACTIVE","entryPoint":"sendWelcomeEmail","timeout":"60s","availableMemoryMb":256,"serviceAccountEmail":"assist-app-6c044@appspot.gserviceaccount.com","updateTime":"2025-05-20T01:01:09.567Z","versionId":"10","labels":{"deployment-tool":"cli-firebase","firebase-functions-hash":"23b183f8b2d6babd9a355d818d053751ccbec7df"},"sourceUploadUrl":"https://storage.googleapis.com/uploads-929823437146.us-central1.cloudfunctions.appspot.com/d0be15cb-fb94-496a-9d0a-73f0d0e0b5bf.zip","environmentVariables":{"RESEND_API_KEY":"re_jQCkvCqJ_6JDMScEv65Acpsb7mPAgjmfw","FIREBASE_CONFIG":"{\"projectId\":\"assist-app-6c044\",\"storageBucket\":\"assist-app-6c044.firebasestorage.app\"}","GCLOUD_PROJECT":"assist-app-6c044","EVENTARC_CLOUD_EVENT_SOURCE":"projects/assist-app-6c044/locations/us-central1/functions/sendWelcomeEmail"},"runtime":"nodejs18","maxInstances":3000,"ingressSettings":"ALLOW_ALL","buildId":"7ec91d71-aae6-44d2-aac6-7e498e5fd5ea","buildEnvironmentVariables":{"GOOGLE_NODE_RUN_SCRIPTS":""},"buildName":"projects/656491948525/locations/us-central1/builds/7ec91d71-aae6-44d2-aac6-7e498e5fd5ea","dockerRegistry":"ARTIFACT_REGISTRY","automaticUpdatePolicy":{},"buildServiceAccount":"projects/assist-app-6c044/serviceAccounts/656491948525-compute@developer.gserviceaccount.com","satisfiesPzi":true},{"name":"projects/assist-app-6c044/locations/us-central1/functions/verifyPreAuthCode","httpsTrigger":{"url":"https://us-central1-assist-app-6c044.cloudfunctions.net/verifyPreAuthCode","securityLevel":"SECURE_ALWAYS"},"status":"ACTIVE","entryPoint":"verifyPreAuthCode","timeout":"60s","availableMemoryMb":256,"serviceAccountEmail":"assist-app-6c044@appspot.gserviceaccount.com","updateTime":"2025-05-20T01:01:13.348Z","versionId":"5","labels":{"deployment-tool":"cli-firebase","firebase-functions-hash":"23b183f8b2d6babd9a355d818d053751ccbec7df"},"sourceUploadUrl":"https://storage.googleapis.com/uploads-929823437146.us-central1.cloudfunctions.appspot.com/d0be15cb-fb94-496a-9d0a-73f0d0e0b5bf.zip","environmentVariables":{"RESEND_API_KEY":"re_jQCkvCqJ_6JDMScEv65Acpsb7mPAgjmfw","FIREBASE_CONFIG":"{\"projectId\":\"assist-app-6c044\",\"storageBucket\":\"assist-app-6c044.firebasestorage.app\"}","GCLOUD_PROJECT":"assist-app-6c044","EVENTARC_CLOUD_EVENT_SOURCE":"projects/assist-app-6c044/locations/us-central1/functions/verifyPreAuthCode"},"runtime":"nodejs18","ingressSettings":"ALLOW_ALL","buildId":"7ec91d71-aae6-44d2-aac6-7e498e5fd5ea","buildEnvironmentVariables":{"GOOGLE_NODE_RUN_SCRIPTS":""},"buildName":"projects/656491948525/locations/us-central1/builds/7ec91d71-aae6-44d2-aac6-7e498e5fd5ea","dockerRegistry":"ARTIFACT_REGISTRY","automaticUpdatePolicy":{},"buildServiceAccount":"projects/assist-app-6c044/serviceAccounts/656491948525-compute@developer.gserviceaccount.com","satisfiesPzi":true},{"name":"projects/assist-app-6c044/locations/us-central1/functions/subscriptionApiRateLimit","httpsTrigger":{"url":"https://us-central1-assist-app-6c044.cloudfunctions.net/subscriptionApiRateLimit","securityLevel":"SECURE_ALWAYS"},"status":"ACTIVE","entryPoint":"subscriptionApiRateLimit","timeout":"60s","availableMemoryMb":256,"serviceAccountEmail":"assist-app-6c044@appspot.gserviceaccount.com","updateTime":"2025-05-20T01:01:07.291Z","versionId":"2","labels":{"firebase-functions-hash":"23b183f8b2d6babd9a355d818d053751ccbec7df","deployment-tool":"cli-firebase"},"sourceUploadUrl":"https://storage.googleapis.com/uploads-929823437146.us-central1.cloudfunctions.appspot.com/d0be15cb-fb94-496a-9d0a-73f0d0e0b5bf.zip","environmentVariables":{"RESEND_API_KEY":"re_jQCkvCqJ_6JDMScEv65Acpsb7mPAgjmfw","FIREBASE_CONFIG":"{\"projectId\":\"assist-app-6c044\",\"storageBucket\":\"assist-app-6c044.firebasestorage.app\"}","GCLOUD_PROJECT":"assist-app-6c044","EVENTARC_CLOUD_EVENT_SOURCE":"projects/assist-app-6c044/locations/us-central1/functions/subscriptionApiRateLimit"},"runtime":"nodejs18","ingressSettings":"ALLOW_ALL","buildId":"7ec91d71-aae6-44d2-aac6-7e498e5fd5ea","buildEnvironmentVariables":{"GOOGLE_NODE_RUN_SCRIPTS":""},"buildName":"projects/656491948525/locations/us-central1/builds/7ec91d71-aae6-44d2-aac6-7e498e5fd5ea","dockerRegistry":"ARTIFACT_REGISTRY","automaticUpdatePolicy":{},"buildServiceAccount":"projects/assist-app-6c044/serviceAccounts/656491948525-compute@developer.gserviceaccount.com","satisfiesPzi":true},{"name":"projects/assist-app-6c044/locations/us-central1/functions/runSubscriptionIntegrityCheck","eventTrigger":{"eventType":"google.pubsub.topic.publish","resource":"projects/assist-app-6c044/topics/firebase-schedule-runSubscriptionIntegrityCheck-us-central1","service":"pubsub.googleapis.com","failurePolicy":{}},"status":"ACTIVE","entryPoint":"runSubscriptionIntegrityCheck","timeout":"60s","availableMemoryMb":256,"serviceAccountEmail":"assist-app-6c044@appspot.gserviceaccount.com","updateTime":"2025-05-20T01:01:01.357Z","versionId":"2","labels":{"deployment-tool":"cli-firebase","deployment-scheduled":"true","firebase-functions-hash":"23b183f8b2d6babd9a355d818d053751ccbec7df"},"sourceUploadUrl":"https://storage.googleapis.com/uploads-929823437146.us-central1.cloudfunctions.appspot.com/d0be15cb-fb94-496a-9d0a-73f0d0e0b5bf.zip","environmentVariables":{"RESEND_API_KEY":"re_jQCkvCqJ_6JDMScEv65Acpsb7mPAgjmfw","FIREBASE_CONFIG":"{\"projectId\":\"assist-app-6c044\",\"storageBucket\":\"assist-app-6c044.firebasestorage.app\"}","GCLOUD_PROJECT":"assist-app-6c044","EVENTARC_CLOUD_EVENT_SOURCE":"projects/assist-app-6c044/locations/us-central1/functions/runSubscriptionIntegrityCheck"},"runtime":"nodejs18","maxInstances":3000,"ingressSettings":"ALLOW_ALL","buildId":"7ec91d71-aae6-44d2-aac6-7e498e5fd5ea","buildEnvironmentVariables":{"GOOGLE_NODE_RUN_SCRIPTS":""},"buildName":"projects/656491948525/locations/us-central1/builds/7ec91d71-aae6-44d2-aac6-7e498e5fd5ea","dockerRegistry":"ARTIFACT_REGISTRY","automaticUpdatePolicy":{},"buildServiceAccount":"projects/assist-app-6c044/serviceAccounts/656491948525-compute@developer.gserviceaccount.com","satisfiesPzi":true}]}
[debug] [2025-05-21T21:43:45.953Z] Checked if tokens are valid: true, expires at: 1747866725972
[debug] [2025-05-21T21:43:45.953Z] Checked if tokens are valid: true, expires at: 1747866725972
[debug] [2025-05-21T21:43:45.953Z] >>> [apiv2][query] GET https://cloudfunctions.googleapis.com/v2/projects/assist-app-6c044/locations/-/functions filter=environment%3D%22GEN_2%22
[debug] [2025-05-21T21:43:47.076Z] <<< [apiv2][status] GET https://cloudfunctions.googleapis.com/v2/projects/assist-app-6c044/locations/-/functions 200
[debug] [2025-05-21T21:43:47.076Z] <<< [apiv2][body] GET https://cloudfunctions.googleapis.com/v2/projects/assist-app-6c044/locations/-/functions {"functions":[{"name":"projects/assist-app-6c044/locations/us-central1/functions/stripeWebhook","buildConfig":{"build":"projects/656491948525/locations/us-central1/builds/26875c47-f9cd-473f-aa13-0712abeee809","runtime":"nodejs18","entryPoint":"stripeWebhook","source":{"storageSource":{"bucket":"gcf-v2-sources-656491948525-us-central1","object":"stripeWebhook/function-source.zip","generation":"1747863095622924"}},"environmentVariables":{"GOOGLE_NODE_RUN_SCRIPTS":""},"dockerRepository":"projects/assist-app-6c044/locations/us-central1/repositories/gcf-artifacts","sourceProvenance":{"resolvedStorageSource":{"bucket":"gcf-v2-sources-656491948525-us-central1","object":"stripeWebhook/function-source.zip","generation":"1747863095622924"}},"dockerRegistry":"ARTIFACT_REGISTRY","serviceAccount":"projects/assist-app-6c044/serviceAccounts/656491948525-compute@developer.gserviceaccount.com","automaticUpdatePolicy":{}},"serviceConfig":{"service":"projects/assist-app-6c044/locations/us-central1/services/stripewebhook","timeoutSeconds":60,"environmentVariables":{"FIREBASE_CONFIG":"{\"projectId\":\"assist-app-6c044\",\"storageBucket\":\"assist-app-6c044.firebasestorage.app\"}","GCLOUD_PROJECT":"assist-app-6c044","EVENTARC_CLOUD_EVENT_SOURCE":"projects/assist-app-6c044/locations/us-central1/services/stripeWebhook","FUNCTION_TARGET":"stripeWebhook","LOG_EXECUTION_ID":"true"},"maxInstanceCount":3,"ingressSettings":"ALLOW_ALL","uri":"https://stripewebhook-vm6xf5pv7a-uc.a.run.app","serviceAccountEmail":"656491948525-compute@developer.gserviceaccount.com","availableMemory":"256Mi","allTrafficOnLatestRevision":true,"revision":"stripewebhook-00001-kif","maxInstanceRequestConcurrency":80,"availableCpu":"1"},"state":"ACTIVE","updateTime":"2025-05-21T21:32:52.766031060Z","labels":{"deployment-tool":"cli-firebase","firebase-functions-codebase":"webhook","firebase-functions-hash":"4125549dc3c0ed2207039b8e9438bf397a2dfb55"},"environment":"GEN_2","url":"https://us-central1-assist-app-6c044.cloudfunctions.net/stripeWebhook","createTime":"2025-05-21T21:31:35.868748005Z","satisfiesPzi":true}]}
[info] i  functions: ensuring required API run.googleapis.com is enabled... 
[debug] [2025-05-21T21:43:47.111Z] Checked if tokens are valid: true, expires at: 1747866725972
[debug] [2025-05-21T21:43:47.111Z] Checked if tokens are valid: true, expires at: 1747866725972
[info] i  functions: ensuring required API eventarc.googleapis.com is enabled... 
[debug] [2025-05-21T21:43:47.125Z] Checked if tokens are valid: true, expires at: 1747866725972
[debug] [2025-05-21T21:43:47.125Z] Checked if tokens are valid: true, expires at: 1747866725972
[info] i  functions: ensuring required API pubsub.googleapis.com is enabled... 
[debug] [2025-05-21T21:43:47.131Z] Checked if tokens are valid: true, expires at: 1747866725972
[debug] [2025-05-21T21:43:47.131Z] Checked if tokens are valid: true, expires at: 1747866725972
[info] i  functions: ensuring required API storage.googleapis.com is enabled... 
[debug] [2025-05-21T21:43:47.143Z] Checked if tokens are valid: true, expires at: 1747866725972
[debug] [2025-05-21T21:43:47.143Z] Checked if tokens are valid: true, expires at: 1747866725972
[debug] [2025-05-21T21:43:47.144Z] >>> [apiv2][query] GET https://serviceusage.googleapis.com/v1/projects/656491948525/services/run.googleapis.com [none]
[debug] [2025-05-21T21:43:47.145Z] >>> [apiv2][(partial)header] GET https://serviceusage.googleapis.com/v1/projects/656491948525/services/run.googleapis.com x-goog-quota-user=projects/656491948525
[debug] [2025-05-21T21:43:47.146Z] >>> [apiv2][query] GET https://serviceusage.googleapis.com/v1/projects/656491948525/services/eventarc.googleapis.com [none]
[debug] [2025-05-21T21:43:47.146Z] >>> [apiv2][(partial)header] GET https://serviceusage.googleapis.com/v1/projects/656491948525/services/eventarc.googleapis.com x-goog-quota-user=projects/656491948525
[debug] [2025-05-21T21:43:47.152Z] >>> [apiv2][query] GET https://serviceusage.googleapis.com/v1/projects/656491948525/services/pubsub.googleapis.com [none]
[debug] [2025-05-21T21:43:47.152Z] >>> [apiv2][(partial)header] GET https://serviceusage.googleapis.com/v1/projects/656491948525/services/pubsub.googleapis.com x-goog-quota-user=projects/656491948525
[debug] [2025-05-21T21:43:47.157Z] >>> [apiv2][query] GET https://serviceusage.googleapis.com/v1/projects/656491948525/services/storage.googleapis.com [none]
[debug] [2025-05-21T21:43:47.157Z] >>> [apiv2][(partial)header] GET https://serviceusage.googleapis.com/v1/projects/656491948525/services/storage.googleapis.com x-goog-quota-user=projects/656491948525
[debug] [2025-05-21T21:43:48.016Z] <<< [apiv2][status] GET https://serviceusage.googleapis.com/v1/projects/656491948525/services/run.googleapis.com 200
[debug] [2025-05-21T21:43:48.016Z] <<< [apiv2][body] GET https://serviceusage.googleapis.com/v1/projects/656491948525/services/run.googleapis.com [omitted]
[info] +  functions: required API run.googleapis.com is enabled 
[debug] [2025-05-21T21:43:48.188Z] <<< [apiv2][status] GET https://serviceusage.googleapis.com/v1/projects/656491948525/services/pubsub.googleapis.com 200
[debug] [2025-05-21T21:43:48.188Z] <<< [apiv2][body] GET https://serviceusage.googleapis.com/v1/projects/656491948525/services/pubsub.googleapis.com [omitted]
[info] +  functions: required API pubsub.googleapis.com is enabled 
[debug] [2025-05-21T21:43:48.206Z] <<< [apiv2][status] GET https://serviceusage.googleapis.com/v1/projects/656491948525/services/eventarc.googleapis.com 200
[debug] [2025-05-21T21:43:48.206Z] <<< [apiv2][body] GET https://serviceusage.googleapis.com/v1/projects/656491948525/services/eventarc.googleapis.com [omitted]
[info] +  functions: required API eventarc.googleapis.com is enabled 
[debug] [2025-05-21T21:43:48.211Z] <<< [apiv2][status] GET https://serviceusage.googleapis.com/v1/projects/656491948525/services/storage.googleapis.com 200
[debug] [2025-05-21T21:43:48.211Z] <<< [apiv2][body] GET https://serviceusage.googleapis.com/v1/projects/656491948525/services/storage.googleapis.com [omitted]
[info] +  functions: required API storage.googleapis.com is enabled 
[info] i  functions: generating the service identity for pubsub.googleapis.com... 
[debug] [2025-05-21T21:43:48.227Z] Checked if tokens are valid: true, expires at: 1747866725972
[debug] [2025-05-21T21:43:48.227Z] Checked if tokens are valid: true, expires at: 1747866725972
[info] i  functions: generating the service identity for eventarc.googleapis.com... 
[debug] [2025-05-21T21:43:48.236Z] Checked if tokens are valid: true, expires at: 1747866725972
[debug] [2025-05-21T21:43:48.236Z] Checked if tokens are valid: true, expires at: 1747866725972
[debug] [2025-05-21T21:43:48.237Z] >>> [apiv2][query] POST https://serviceusage.googleapis.com/v1beta1/projects/656491948525/services/pubsub.googleapis.com:generateServiceIdentity [none]
[debug] [2025-05-21T21:43:48.238Z] >>> [apiv2][query] POST https://serviceusage.googleapis.com/v1beta1/projects/656491948525/services/eventarc.googleapis.com:generateServiceIdentity [none]
[debug] [2025-05-21T21:43:48.654Z] <<< [apiv2][status] POST https://serviceusage.googleapis.com/v1beta1/projects/656491948525/services/pubsub.googleapis.com:generateServiceIdentity 200
[debug] [2025-05-21T21:43:48.654Z] <<< [apiv2][body] POST https://serviceusage.googleapis.com/v1beta1/projects/656491948525/services/pubsub.googleapis.com:generateServiceIdentity {"name":"operations/finished.DONE_OPERATION","done":true,"response":{"@type":"type.googleapis.com/google.api.serviceusage.v1beta1.ServiceIdentity","email":"service-656491948525@gcp-sa-pubsub.iam.gserviceaccount.com","uniqueId":"115236736426483417456"}}
[debug] [2025-05-21T21:43:49.125Z] <<< [apiv2][status] POST https://serviceusage.googleapis.com/v1beta1/projects/656491948525/services/eventarc.googleapis.com:generateServiceIdentity 200
[debug] [2025-05-21T21:43:49.125Z] <<< [apiv2][body] POST https://serviceusage.googleapis.com/v1beta1/projects/656491948525/services/eventarc.googleapis.com:generateServiceIdentity {"name":"operations/finished.DONE_OPERATION","done":true,"response":{"@type":"type.googleapis.com/google.api.serviceusage.v1beta1.ServiceIdentity","email":"service-656491948525@gcp-sa-eventarc.iam.gserviceaccount.com","uniqueId":"115796919711415908267"}}
[debug] [2025-05-21T21:43:49.131Z] Checked if tokens are valid: true, expires at: 1747866725972
[debug] [2025-05-21T21:43:49.131Z] Checked if tokens are valid: true, expires at: 1747866725972
[debug] [2025-05-21T21:43:49.132Z] >>> [apiv2][query] GET https://serviceusage.googleapis.com/v1/projects/assist-app-6c044/services/cloudresourcemanager.googleapis.com [none]
[debug] [2025-05-21T21:43:49.132Z] >>> [apiv2][(partial)header] GET https://serviceusage.googleapis.com/v1/projects/assist-app-6c044/services/cloudresourcemanager.googleapis.com x-goog-quota-user=projects/assist-app-6c044
[debug] [2025-05-21T21:43:49.645Z] <<< [apiv2][status] GET https://serviceusage.googleapis.com/v1/projects/assist-app-6c044/services/cloudresourcemanager.googleapis.com 200
[debug] [2025-05-21T21:43:49.645Z] <<< [apiv2][body] GET https://serviceusage.googleapis.com/v1/projects/assist-app-6c044/services/cloudresourcemanager.googleapis.com [omitted]
[debug] [2025-05-21T21:43:49.645Z] Checked if tokens are valid: true, expires at: 1747866725972
[debug] [2025-05-21T21:43:49.645Z] Checked if tokens are valid: true, expires at: 1747866725972
[debug] [2025-05-21T21:43:49.646Z] >>> [apiv2][query] GET https://cloudresourcemanager.googleapis.com/v1/projects/assist-app-6c044 [none]
[debug] [2025-05-21T21:43:50.517Z] <<< [apiv2][status] GET https://cloudresourcemanager.googleapis.com/v1/projects/assist-app-6c044 200
[debug] [2025-05-21T21:43:50.517Z] <<< [apiv2][body] GET https://cloudresourcemanager.googleapis.com/v1/projects/assist-app-6c044 {"projectNumber":"656491948525","projectId":"assist-app-6c044","lifecycleState":"ACTIVE","name":"Assist App","labels":{"firebase":"enabled","firebase-core":"disabled"},"createTime":"2025-05-13T16:00:05.260396Z"}
[debug] [2025-05-21T21:43:50.518Z] Checked if tokens are valid: true, expires at: 1747866725972
[debug] [2025-05-21T21:43:50.518Z] Checked if tokens are valid: true, expires at: 1747866725972
[debug] [2025-05-21T21:43:50.519Z] >>> [apiv2][query] GET https://compute.googleapis.com/compute/v1/projects/656491948525 [none]
[debug] [2025-05-21T21:43:51.010Z] <<< [apiv2][status] GET https://compute.googleapis.com/compute/v1/projects/656491948525 403
[debug] [2025-05-21T21:43:51.010Z] <<< [apiv2][body] GET https://compute.googleapis.com/compute/v1/projects/656491948525 {"error":{"code":403,"message":"Compute Engine API has not been used in project 656491948525 before or it is disabled. Enable it by visiting https://console.developers.google.com/apis/api/compute.googleapis.com/overview?project=656491948525 then retry. If you enabled this API recently, wait a few minutes for the action to propagate to our systems and retry.","errors":[{"message":"Compute Engine API has not been used in project 656491948525 before or it is disabled. Enable it by visiting https://console.developers.google.com/apis/api/compute.googleapis.com/overview?project=656491948525 then retry. If you enabled this API recently, wait a few minutes for the action to propagate to our systems and retry.","domain":"usageLimits","reason":"accessNotConfigured","extendedHelp":"https://console.developers.google.com"}],"status":"PERMISSION_DENIED","details":[{"@type":"type.googleapis.com/google.rpc.ErrorInfo","reason":"SERVICE_DISABLED","domain":"googleapis.com","metadata":{"activationUrl":"https://console.developers.google.com/apis/api/compute.googleapis.com/overview?project=656491948525","service":"compute.googleapis.com","consumer":"projects/656491948525","containerInfo":"656491948525","serviceTitle":"Compute Engine API"}},{"@type":"type.googleapis.com/google.rpc.LocalizedMessage","locale":"en-US","message":"Compute Engine API has not been used in project 656491948525 before or it is disabled. Enable it by visiting https://console.developers.google.com/apis/api/compute.googleapis.com/overview?project=656491948525 then retry. If you enabled this API recently, wait a few minutes for the action to propagate to our systems and retry."},{"@type":"type.googleapis.com/google.rpc.Help","links":[{"description":"Google developers console API activation","url":"https://console.developers.google.com/apis/api/compute.googleapis.com/overview?project=656491948525"}]}]}}
[debug] [2025-05-21T21:43:51.011Z] unable to look up default compute service account. Falling back to 656491948525-compute@developer.gserviceaccount.com. Error: {"name":"FirebaseError","children":[],"context":{"body":{"error":{"code":403,"message":"Compute Engine API has not been used in project 656491948525 before or it is disabled. Enable it by visiting https://console.developers.google.com/apis/api/compute.googleapis.com/overview?project=656491948525 then retry. If you enabled this API recently, wait a few minutes for the action to propagate to our systems and retry.","errors":[{"message":"Compute Engine API has not been used in project 656491948525 before or it is disabled. Enable it by visiting https://console.developers.google.com/apis/api/compute.googleapis.com/overview?project=656491948525 then retry. If you enabled this API recently, wait a few minutes for the action to propagate to our systems and retry.","domain":"usageLimits","reason":"accessNotConfigured","extendedHelp":"https://console.developers.google.com"}],"status":"PERMISSION_DENIED","details":[{"@type":"type.googleapis.com/google.rpc.ErrorInfo","reason":"SERVICE_DISABLED","domain":"googleapis.com","metadata":{"activationUrl":"https://console.developers.google.com/apis/api/compute.googleapis.com/overview?project=656491948525","service":"compute.googleapis.com","consumer":"projects/656491948525","containerInfo":"656491948525","serviceTitle":"Compute Engine API"}},{"@type":"type.googleapis.com/google.rpc.LocalizedMessage","locale":"en-US","message":"Compute Engine API has not been used in project 656491948525 before or it is disabled. Enable it by visiting https://console.developers.google.com/apis/api/compute.googleapis.com/overview?project=656491948525 then retry. If you enabled this API recently, wait a few minutes for the action to propagate to our systems and retry."},{"@type":"type.googleapis.com/google.rpc.Help","links":[{"description":"Google developers console API activation","url":"https://console.developers.google.com/apis/api/compute.googleapis.com/overview?project=656491948525"}]}]}},"response":{"statusCode":403}},"exit":1,"message":"Request to https://compute.googleapis.com/compute/v1/projects/656491948525 had HTTP Error: 403, Compute Engine API has not been used in project 656491948525 before or it is disabled. Enable it by visiting https://console.developers.google.com/apis/api/compute.googleapis.com/overview?project=656491948525 then retry. If you enabled this API recently, wait a few minutes for the action to propagate to our systems and retry.","status":403}
[debug] [2025-05-21T21:43:51.012Z] Checked if tokens are valid: true, expires at: 1747866725972
[debug] [2025-05-21T21:43:51.012Z] Checked if tokens are valid: true, expires at: 1747866725972
[debug] [2025-05-21T21:43:51.012Z] >>> [apiv2][query] GET https://compute.googleapis.com/compute/v1/projects/656491948525 [none]
[debug] [2025-05-21T21:43:51.313Z] <<< [apiv2][status] GET https://compute.googleapis.com/compute/v1/projects/656491948525 403
[debug] [2025-05-21T21:43:51.313Z] <<< [apiv2][body] GET https://compute.googleapis.com/compute/v1/projects/656491948525 {"error":{"code":403,"message":"Compute Engine API has not been used in project 656491948525 before or it is disabled. Enable it by visiting https://console.developers.google.com/apis/api/compute.googleapis.com/overview?project=656491948525 then retry. If you enabled this API recently, wait a few minutes for the action to propagate to our systems and retry.","errors":[{"message":"Compute Engine API has not been used in project 656491948525 before or it is disabled. Enable it by visiting https://console.developers.google.com/apis/api/compute.googleapis.com/overview?project=656491948525 then retry. If you enabled this API recently, wait a few minutes for the action to propagate to our systems and retry.","domain":"usageLimits","reason":"accessNotConfigured","extendedHelp":"https://console.developers.google.com"}],"status":"PERMISSION_DENIED","details":[{"@type":"type.googleapis.com/google.rpc.ErrorInfo","reason":"SERVICE_DISABLED","domain":"googleapis.com","metadata":{"service":"compute.googleapis.com","containerInfo":"656491948525","consumer":"projects/656491948525","serviceTitle":"Compute Engine API","activationUrl":"https://console.developers.google.com/apis/api/compute.googleapis.com/overview?project=656491948525"}},{"@type":"type.googleapis.com/google.rpc.LocalizedMessage","locale":"en-US","message":"Compute Engine API has not been used in project 656491948525 before or it is disabled. Enable it by visiting https://console.developers.google.com/apis/api/compute.googleapis.com/overview?project=656491948525 then retry. If you enabled this API recently, wait a few minutes for the action to propagate to our systems and retry."},{"@type":"type.googleapis.com/google.rpc.Help","links":[{"description":"Google developers console API activation","url":"https://console.developers.google.com/apis/api/compute.googleapis.com/overview?project=656491948525"}]}]}}
[debug] [2025-05-21T21:43:51.314Z] unable to look up default compute service account. Falling back to 656491948525-compute@developer.gserviceaccount.com. Error: {"name":"FirebaseError","children":[],"context":{"body":{"error":{"code":403,"message":"Compute Engine API has not been used in project 656491948525 before or it is disabled. Enable it by visiting https://console.developers.google.com/apis/api/compute.googleapis.com/overview?project=656491948525 then retry. If you enabled this API recently, wait a few minutes for the action to propagate to our systems and retry.","errors":[{"message":"Compute Engine API has not been used in project 656491948525 before or it is disabled. Enable it by visiting https://console.developers.google.com/apis/api/compute.googleapis.com/overview?project=656491948525 then retry. If you enabled this API recently, wait a few minutes for the action to propagate to our systems and retry.","domain":"usageLimits","reason":"accessNotConfigured","extendedHelp":"https://console.developers.google.com"}],"status":"PERMISSION_DENIED","details":[{"@type":"type.googleapis.com/google.rpc.ErrorInfo","reason":"SERVICE_DISABLED","domain":"googleapis.com","metadata":{"service":"compute.googleapis.com","containerInfo":"656491948525","consumer":"projects/656491948525","serviceTitle":"Compute Engine API","activationUrl":"https://console.developers.google.com/apis/api/compute.googleapis.com/overview?project=656491948525"}},{"@type":"type.googleapis.com/google.rpc.LocalizedMessage","locale":"en-US","message":"Compute Engine API has not been used in project 656491948525 before or it is disabled. Enable it by visiting https://console.developers.google.com/apis/api/compute.googleapis.com/overview?project=656491948525 then retry. If you enabled this API recently, wait a few minutes for the action to propagate to our systems and retry."},{"@type":"type.googleapis.com/google.rpc.Help","links":[{"description":"Google developers console API activation","url":"https://console.developers.google.com/apis/api/compute.googleapis.com/overview?project=656491948525"}]}]}},"response":{"statusCode":403}},"exit":1,"message":"Request to https://compute.googleapis.com/compute/v1/projects/656491948525 had HTTP Error: 403, Compute Engine API has not been used in project 656491948525 before or it is disabled. Enable it by visiting https://console.developers.google.com/apis/api/compute.googleapis.com/overview?project=656491948525 then retry. If you enabled this API recently, wait a few minutes for the action to propagate to our systems and retry.","status":403}
[debug] [2025-05-21T21:43:51.316Z] Checked if tokens are valid: true, expires at: 1747866725972
[debug] [2025-05-21T21:43:51.316Z] Checked if tokens are valid: true, expires at: 1747866725972
[debug] [2025-05-21T21:43:51.316Z] >>> [apiv2][query] GET https://cloudbilling.googleapis.com/v1/projects/assist-app-6c044/billingInfo [none]
[debug] [2025-05-21T21:43:52.337Z] <<< [apiv2][status] GET https://cloudbilling.googleapis.com/v1/projects/assist-app-6c044/billingInfo 200
[debug] [2025-05-21T21:43:52.337Z] <<< [apiv2][body] GET https://cloudbilling.googleapis.com/v1/projects/assist-app-6c044/billingInfo {"name":"projects/assist-app-6c044/billingInfo","projectId":"assist-app-6c044","billingAccountName":"billingAccounts/019C63-8D620D-2B4698","billingEnabled":true}
[debug] [2025-05-21T21:43:52.341Z] Checked if tokens are valid: true, expires at: 1747866725972
[debug] [2025-05-21T21:43:52.341Z] Checked if tokens are valid: true, expires at: 1747866725972
[debug] [2025-05-21T21:43:52.341Z] >>> [apiv2][query] POST https://cloudfunctions.googleapis.com/v2/projects/assist-app-6c044/locations/us-central1/functions:generateUploadUrl [none]
[debug] [2025-05-21T21:43:53.393Z] <<< [apiv2][status] POST https://cloudfunctions.googleapis.com/v2/projects/assist-app-6c044/locations/us-central1/functions:generateUploadUrl 200
[debug] [2025-05-21T21:43:53.393Z] <<< [apiv2][body] POST https://cloudfunctions.googleapis.com/v2/projects/assist-app-6c044/locations/us-central1/functions:generateUploadUrl {"uploadUrl":"https://storage.googleapis.com/gcf-v2-uploads-656491948525.us-central1.cloudfunctions.appspot.com/3342bf04-d510-40d4-acbc-5c5d802f99c1.zip?GoogleAccessId=service-656491948525@gcf-admin-robot.iam.gserviceaccount.com&Expires=1747865633&Signature=RMp3lEVvtkoHsq6sCqnecSn3HOnTAc6InxhFDBKT7%2BUx3kMQj1PbOn6v9wdNjR%2BQDqAXKBJj0kFzn87wAdA3PKYa9sdRVOTtLeuyfcX%2FuC8BlAonpItb7IXP8pxaaXu%2BqX93%2Fd19Kk%2F4Of32%2Frkd%2FinSCi57csoA4HZi0axwku%2BYxAHTO1c6Dr1oDpiY0mn5B%2BfW7zqglh9%2FiRiS1Dq%2BMm6YyLapumsAN17mr1mO7j7C30iTcapN5Z8DxcZEdu10WzU4QG8rGaVYpeKncFbWLzSoUomuB%2FN9SIU53Ymx4iJuG%2Fi0SFZTMmANLvUlws5sDqQwOgwFf86Ggri3FW04nw%3D%3D","storageSource":{"bucket":"gcf-v2-uploads-656491948525.us-central1.cloudfunctions.appspot.com","object":"3342bf04-d510-40d4-acbc-5c5d802f99c1.zip"}}
[debug] [2025-05-21T21:43:53.397Z] >>> [apiv2][query] PUT https://storage.googleapis.com/gcf-v2-uploads-656491948525.us-central1.cloudfunctions.appspot.com/3342bf04-d510-40d4-acbc-5c5d802f99c1.zip GoogleAccessId=service-656491948525%40gcf-admin-robot.iam.gserviceaccount.com&Expires=1747865633&Signature=RMp3lEVvtkoHsq6sCqnecSn3HOnTAc6InxhFDBKT7%2BUx3kMQj1PbOn6v9wdNjR%2BQDqAXKBJj0kFzn87wAdA3PKYa9sdRVOTtLeuyfcX%2FuC8BlAonpItb7IXP8pxaaXu%2BqX93%2Fd19Kk%2F4Of32%2Frkd%2FinSCi57csoA4HZi0axwku%2BYxAHTO1c6Dr1oDpiY0mn5B%2BfW7zqglh9%2FiRiS1Dq%2BMm6YyLapumsAN17mr1mO7j7C30iTcapN5Z8DxcZEdu10WzU4QG8rGaVYpeKncFbWLzSoUomuB%2FN9SIU53Ymx4iJuG%2Fi0SFZTMmANLvUlws5sDqQwOgwFf86Ggri3FW04nw%3D%3D
[debug] [2025-05-21T21:43:53.397Z] >>> [apiv2][body] PUT https://storage.googleapis.com/gcf-v2-uploads-656491948525.us-central1.cloudfunctions.appspot.com/3342bf04-d510-40d4-acbc-5c5d802f99c1.zip [stream]
[debug] [2025-05-21T21:43:54.355Z] <<< [apiv2][status] PUT https://storage.googleapis.com/gcf-v2-uploads-656491948525.us-central1.cloudfunctions.appspot.com/3342bf04-d510-40d4-acbc-5c5d802f99c1.zip 200
[debug] [2025-05-21T21:43:54.355Z] <<< [apiv2][body] PUT https://storage.googleapis.com/gcf-v2-uploads-656491948525.us-central1.cloudfunctions.appspot.com/3342bf04-d510-40d4-acbc-5c5d802f99c1.zip [omitted]
[info] +  functions: . folder uploaded successfully 
[info] i  functions: creating Node.js 18 (2nd Gen) function webhook:updateSubscriptionStatus(us-central1)... 
[info] i  functions: updating Node.js 18 (2nd Gen) function webhook:stripeWebhook(us-central1)... 
[debug] [2025-05-21T21:43:54.397Z] Checked if tokens are valid: true, expires at: 1747866725972
[debug] [2025-05-21T21:43:54.398Z] Checked if tokens are valid: true, expires at: 1747866725972
[debug] [2025-05-21T21:43:54.398Z] >>> [apiv2][query] POST https://cloudfunctions.googleapis.com/v2/projects/assist-app-6c044/locations/us-central1/functions functionId=updateSubscriptionStatus
[debug] [2025-05-21T21:43:54.398Z] >>> [apiv2][body] POST https://cloudfunctions.googleapis.com/v2/projects/assist-app-6c044/locations/us-central1/functions {"name":"projects/assist-app-6c044/locations/us-central1/functions/updateSubscriptionStatus","buildConfig":{"runtime":"nodejs18","entryPoint":"updateSubscriptionStatus","source":{"storageSource":{"bucket":"gcf-v2-uploads-656491948525.us-central1.cloudfunctions.appspot.com","object":"3342bf04-d510-40d4-acbc-5c5d802f99c1.zip"}},"environmentVariables":{"GOOGLE_NODE_RUN_SCRIPTS":""}},"serviceConfig":{"environmentVariables":{"FIREBASE_CONFIG":"{\"projectId\":\"assist-app-6c044\",\"storageBucket\":\"assist-app-6c044.firebasestorage.app\"}","GCLOUD_PROJECT":"assist-app-6c044","EVENTARC_CLOUD_EVENT_SOURCE":"projects/assist-app-6c044/locations/us-central1/services/updateSubscriptionStatus","FUNCTION_TARGET":"updateSubscriptionStatus","LOG_EXECUTION_ID":"true"},"ingressSettings":null,"timeoutSeconds":null,"serviceAccountEmail":null,"availableMemory":"256Mi","minInstanceCount":null,"maxInstanceCount":null,"maxInstanceRequestConcurrency":80,"availableCpu":"1","vpcConnector":null,"vpcConnectorEgressSettings":null},"labels":{"deployment-tool":"cli-firebase","deployment-callable":"true","firebase-functions-codebase":"webhook","firebase-functions-hash":"7bad0f437597469a79963b603d56489ba26d7879"}}
[debug] [2025-05-21T21:43:55.987Z] <<< [apiv2][status] POST https://cloudfunctions.googleapis.com/v2/projects/assist-app-6c044/locations/us-central1/functions 200
[debug] [2025-05-21T21:43:55.987Z] <<< [apiv2][body] POST https://cloudfunctions.googleapis.com/v2/projects/assist-app-6c044/locations/us-central1/functions {"name":"projects/assist-app-6c044/locations/us-central1/operations/operation-1747863835170-635ac4302d5f3-459dca5b-f3d77e8d","metadata":{"@type":"type.googleapis.com/google.cloud.functions.v2.OperationMetadata","createTime":"2025-05-21T21:43:55.815890885Z","target":"projects/assist-app-6c044/locations/us-central1/functions/updateSubscriptionStatus","verb":"create","cancelRequested":false,"apiVersion":"v2"},"done":false}
[debug] [2025-05-21T21:43:55.989Z] Checked if tokens are valid: true, expires at: 1747866725972
[debug] [2025-05-21T21:43:55.989Z] Checked if tokens are valid: true, expires at: 1747866725972
[debug] [2025-05-21T21:43:55.989Z] >>> [apiv2][query] GET https://cloudfunctions.googleapis.com/v2/projects/assist-app-6c044/locations/us-central1/operations/operation-1747863835170-635ac4302d5f3-459dca5b-f3d77e8d [none]
[debug] [2025-05-21T21:43:56.747Z] <<< [apiv2][status] GET https://cloudfunctions.googleapis.com/v2/projects/assist-app-6c044/locations/us-central1/operations/operation-1747863835170-635ac4302d5f3-459dca5b-f3d77e8d 200
[debug] [2025-05-21T21:43:56.748Z] <<< [apiv2][body] GET https://cloudfunctions.googleapis.com/v2/projects/assist-app-6c044/locations/us-central1/operations/operation-1747863835170-635ac4302d5f3-459dca5b-f3d77e8d {"name":"projects/assist-app-6c044/locations/us-central1/operations/operation-1747863835170-635ac4302d5f3-459dca5b-f3d77e8d","metadata":{"@type":"type.googleapis.com/google.cloud.functions.v2.OperationMetadata","createTime":"2025-05-21T21:43:55.815890885Z","target":"projects/assist-app-6c044/locations/us-central1/functions/updateSubscriptionStatus","verb":"create","cancelRequested":false,"apiVersion":"v2","requestResource":{"@type":"type.googleapis.com/google.cloud.functions.v2.Function","name":"projects/assist-app-6c044/locations/us-central1/functions/updateSubscriptionStatus","buildConfig":{"runtime":"nodejs18","entryPoint":"updateSubscriptionStatus","source":{"storageSource":{"bucket":"gcf-v2-sources-656491948525-us-central1","object":"updateSubscriptionStatus/function-source.zip","generation":"1747863835572793"}},"environmentVariables":{"GOOGLE_NODE_RUN_SCRIPTS":""},"serviceAccount":"projects/assist-app-6c044/serviceAccounts/656491948525-compute@developer.gserviceaccount.com","automaticUpdatePolicy":{}},"serviceConfig":{"service":"projects/assist-app-6c044/locations/us-central1/services/updatesubscriptionstatus","timeoutSeconds":60,"environmentVariables":{"FIREBASE_CONFIG":"{\"projectId\":\"assist-app-6c044\",\"storageBucket\":\"assist-app-6c044.firebasestorage.app\"}","GCLOUD_PROJECT":"assist-app-6c044","EVENTARC_CLOUD_EVENT_SOURCE":"projects/assist-app-6c044/locations/us-central1/services/updateSubscriptionStatus","FUNCTION_TARGET":"updateSubscriptionStatus","LOG_EXECUTION_ID":"true"},"ingressSettings":"ALLOW_ALL","serviceAccountEmail":"656491948525-compute@developer.gserviceaccount.com","availableMemory":"256Mi","maxInstanceRequestConcurrency":80,"availableCpu":"1"},"labels":{"deployment-tool":"cli-firebase","deployment-callable":"true","firebase-functions-codebase":"webhook","firebase-functions-hash":"7bad0f437597469a79963b603d56489ba26d7879"},"environment":"GEN_2"},"stages":[{"name":"BUILD","message":"Build in progress","state":"IN_PROGRESS","resource":"projects/656491948525/locations/us-central1/builds/ded64b19-0328-4a9b-9e38-a19ada2c37ea","resourceUri":"https://console.cloud.google.com/cloud-build/builds;region=us-central1/ded64b19-0328-4a9b-9e38-a19ada2c37ea?project=656491948525"},{"name":"SERVICE","state":"NOT_STARTED"}],"operationType":"CREATE_FUNCTION","buildName":"projects/656491948525/locations/us-central1/builds/ded64b19-0328-4a9b-9e38-a19ada2c37ea"},"done":false}
[debug] [2025-05-21T21:43:57.253Z] [create-webhook-us-central1-updateSubscriptionStatus] Retrying task index 0
[debug] [2025-05-21T21:43:57.253Z] Checked if tokens are valid: true, expires at: 1747866725972
[debug] [2025-05-21T21:43:57.254Z] Checked if tokens are valid: true, expires at: 1747866725972
[debug] [2025-05-21T21:43:57.254Z] >>> [apiv2][query] GET https://cloudfunctions.googleapis.com/v2/projects/assist-app-6c044/locations/us-central1/operations/operation-1747863835170-635ac4302d5f3-459dca5b-f3d77e8d [none]
[debug] [2025-05-21T21:43:58.043Z] <<< [apiv2][status] GET https://cloudfunctions.googleapis.com/v2/projects/assist-app-6c044/locations/us-central1/operations/operation-1747863835170-635ac4302d5f3-459dca5b-f3d77e8d 200
[debug] [2025-05-21T21:43:58.044Z] <<< [apiv2][body] GET https://cloudfunctions.googleapis.com/v2/projects/assist-app-6c044/locations/us-central1/operations/operation-1747863835170-635ac4302d5f3-459dca5b-f3d77e8d {"name":"projects/assist-app-6c044/locations/us-central1/operations/operation-1747863835170-635ac4302d5f3-459dca5b-f3d77e8d","metadata":{"@type":"type.googleapis.com/google.cloud.functions.v2.OperationMetadata","createTime":"2025-05-21T21:43:55.815890885Z","target":"projects/assist-app-6c044/locations/us-central1/functions/updateSubscriptionStatus","verb":"create","cancelRequested":false,"apiVersion":"v2","requestResource":{"@type":"type.googleapis.com/google.cloud.functions.v2.Function","name":"projects/assist-app-6c044/locations/us-central1/functions/updateSubscriptionStatus","buildConfig":{"runtime":"nodejs18","entryPoint":"updateSubscriptionStatus","source":{"storageSource":{"bucket":"gcf-v2-sources-656491948525-us-central1","object":"updateSubscriptionStatus/function-source.zip","generation":"1747863835572793"}},"environmentVariables":{"GOOGLE_NODE_RUN_SCRIPTS":""},"serviceAccount":"projects/assist-app-6c044/serviceAccounts/656491948525-compute@developer.gserviceaccount.com","automaticUpdatePolicy":{}},"serviceConfig":{"service":"projects/assist-app-6c044/locations/us-central1/services/updatesubscriptionstatus","timeoutSeconds":60,"environmentVariables":{"FIREBASE_CONFIG":"{\"projectId\":\"assist-app-6c044\",\"storageBucket\":\"assist-app-6c044.firebasestorage.app\"}","GCLOUD_PROJECT":"assist-app-6c044","EVENTARC_CLOUD_EVENT_SOURCE":"projects/assist-app-6c044/locations/us-central1/services/updateSubscriptionStatus","FUNCTION_TARGET":"updateSubscriptionStatus","LOG_EXECUTION_ID":"true"},"ingressSettings":"ALLOW_ALL","serviceAccountEmail":"656491948525-compute@developer.gserviceaccount.com","availableMemory":"256Mi","maxInstanceRequestConcurrency":80,"availableCpu":"1"},"labels":{"deployment-tool":"cli-firebase","deployment-callable":"true","firebase-functions-codebase":"webhook","firebase-functions-hash":"7bad0f437597469a79963b603d56489ba26d7879"},"environment":"GEN_2"},"stages":[{"name":"BUILD","message":"Build in progress","state":"IN_PROGRESS","resource":"projects/656491948525/locations/us-central1/builds/ded64b19-0328-4a9b-9e38-a19ada2c37ea","resourceUri":"https://console.cloud.google.com/cloud-build/builds;region=us-central1/ded64b19-0328-4a9b-9e38-a19ada2c37ea?project=656491948525"},{"name":"SERVICE","state":"NOT_STARTED"}],"operationType":"CREATE_FUNCTION","buildName":"projects/656491948525/locations/us-central1/builds/ded64b19-0328-4a9b-9e38-a19ada2c37ea"},"done":false}
[debug] [2025-05-21T21:43:59.089Z] [create-webhook-us-central1-updateSubscriptionStatus] Retrying task index 0
[debug] [2025-05-21T21:43:59.090Z] Checked if tokens are valid: true, expires at: 1747866725972
[debug] [2025-05-21T21:43:59.091Z] Checked if tokens are valid: true, expires at: 1747866725972
[debug] [2025-05-21T21:43:59.091Z] >>> [apiv2][query] GET https://cloudfunctions.googleapis.com/v2/projects/assist-app-6c044/locations/us-central1/operations/operation-1747863835170-635ac4302d5f3-459dca5b-f3d77e8d [none]
[debug] [2025-05-21T21:43:59.964Z] <<< [apiv2][status] GET https://cloudfunctions.googleapis.com/v2/projects/assist-app-6c044/locations/us-central1/operations/operation-1747863835170-635ac4302d5f3-459dca5b-f3d77e8d 200
[debug] [2025-05-21T21:43:59.964Z] <<< [apiv2][body] GET https://cloudfunctions.googleapis.com/v2/projects/assist-app-6c044/locations/us-central1/operations/operation-1747863835170-635ac4302d5f3-459dca5b-f3d77e8d {"name":"projects/assist-app-6c044/locations/us-central1/operations/operation-1747863835170-635ac4302d5f3-459dca5b-f3d77e8d","metadata":{"@type":"type.googleapis.com/google.cloud.functions.v2.OperationMetadata","createTime":"2025-05-21T21:43:55.815890885Z","target":"projects/assist-app-6c044/locations/us-central1/functions/updateSubscriptionStatus","verb":"create","cancelRequested":false,"apiVersion":"v2","requestResource":{"@type":"type.googleapis.com/google.cloud.functions.v2.Function","name":"projects/assist-app-6c044/locations/us-central1/functions/updateSubscriptionStatus","buildConfig":{"runtime":"nodejs18","entryPoint":"updateSubscriptionStatus","source":{"storageSource":{"bucket":"gcf-v2-sources-656491948525-us-central1","object":"updateSubscriptionStatus/function-source.zip","generation":"1747863835572793"}},"environmentVariables":{"GOOGLE_NODE_RUN_SCRIPTS":""},"serviceAccount":"projects/assist-app-6c044/serviceAccounts/656491948525-compute@developer.gserviceaccount.com","automaticUpdatePolicy":{}},"serviceConfig":{"service":"projects/assist-app-6c044/locations/us-central1/services/updatesubscriptionstatus","timeoutSeconds":60,"environmentVariables":{"FIREBASE_CONFIG":"{\"projectId\":\"assist-app-6c044\",\"storageBucket\":\"assist-app-6c044.firebasestorage.app\"}","GCLOUD_PROJECT":"assist-app-6c044","EVENTARC_CLOUD_EVENT_SOURCE":"projects/assist-app-6c044/locations/us-central1/services/updateSubscriptionStatus","FUNCTION_TARGET":"updateSubscriptionStatus","LOG_EXECUTION_ID":"true"},"ingressSettings":"ALLOW_ALL","serviceAccountEmail":"656491948525-compute@developer.gserviceaccount.com","availableMemory":"256Mi","maxInstanceRequestConcurrency":80,"availableCpu":"1"},"labels":{"deployment-tool":"cli-firebase","deployment-callable":"true","firebase-functions-codebase":"webhook","firebase-functions-hash":"7bad0f437597469a79963b603d56489ba26d7879"},"environment":"GEN_2"},"stages":[{"name":"BUILD","message":"Build in progress","state":"IN_PROGRESS","resource":"projects/656491948525/locations/us-central1/builds/ded64b19-0328-4a9b-9e38-a19ada2c37ea","resourceUri":"https://console.cloud.google.com/cloud-build/builds;region=us-central1/ded64b19-0328-4a9b-9e38-a19ada2c37ea?project=656491948525"},{"name":"SERVICE","state":"NOT_STARTED"}],"operationType":"CREATE_FUNCTION","buildName":"projects/656491948525/locations/us-central1/builds/ded64b19-0328-4a9b-9e38-a19ada2c37ea"},"done":false}
[debug] [2025-05-21T21:44:01.970Z] [create-webhook-us-central1-updateSubscriptionStatus] Retrying task index 0
[debug] [2025-05-21T21:44:01.970Z] Checked if tokens are valid: true, expires at: 1747866725972
[debug] [2025-05-21T21:44:01.971Z] Checked if tokens are valid: true, expires at: 1747866725972
[debug] [2025-05-21T21:44:01.971Z] >>> [apiv2][query] GET https://cloudfunctions.googleapis.com/v2/projects/assist-app-6c044/locations/us-central1/operations/operation-1747863835170-635ac4302d5f3-459dca5b-f3d77e8d [none]
[debug] [2025-05-21T21:44:02.850Z] <<< [apiv2][status] GET https://cloudfunctions.googleapis.com/v2/projects/assist-app-6c044/locations/us-central1/operations/operation-1747863835170-635ac4302d5f3-459dca5b-f3d77e8d 200
[debug] [2025-05-21T21:44:02.850Z] <<< [apiv2][body] GET https://cloudfunctions.googleapis.com/v2/projects/assist-app-6c044/locations/us-central1/operations/operation-1747863835170-635ac4302d5f3-459dca5b-f3d77e8d {"name":"projects/assist-app-6c044/locations/us-central1/operations/operation-1747863835170-635ac4302d5f3-459dca5b-f3d77e8d","metadata":{"@type":"type.googleapis.com/google.cloud.functions.v2.OperationMetadata","createTime":"2025-05-21T21:43:55.815890885Z","target":"projects/assist-app-6c044/locations/us-central1/functions/updateSubscriptionStatus","verb":"create","cancelRequested":false,"apiVersion":"v2","requestResource":{"@type":"type.googleapis.com/google.cloud.functions.v2.Function","name":"projects/assist-app-6c044/locations/us-central1/functions/updateSubscriptionStatus","buildConfig":{"runtime":"nodejs18","entryPoint":"updateSubscriptionStatus","source":{"storageSource":{"bucket":"gcf-v2-sources-656491948525-us-central1","object":"updateSubscriptionStatus/function-source.zip","generation":"1747863835572793"}},"environmentVariables":{"GOOGLE_NODE_RUN_SCRIPTS":""},"serviceAccount":"projects/assist-app-6c044/serviceAccounts/656491948525-compute@developer.gserviceaccount.com","automaticUpdatePolicy":{}},"serviceConfig":{"service":"projects/assist-app-6c044/locations/us-central1/services/updatesubscriptionstatus","timeoutSeconds":60,"environmentVariables":{"FIREBASE_CONFIG":"{\"projectId\":\"assist-app-6c044\",\"storageBucket\":\"assist-app-6c044.firebasestorage.app\"}","GCLOUD_PROJECT":"assist-app-6c044","EVENTARC_CLOUD_EVENT_SOURCE":"projects/assist-app-6c044/locations/us-central1/services/updateSubscriptionStatus","FUNCTION_TARGET":"updateSubscriptionStatus","LOG_EXECUTION_ID":"true"},"ingressSettings":"ALLOW_ALL","serviceAccountEmail":"656491948525-compute@developer.gserviceaccount.com","availableMemory":"256Mi","maxInstanceRequestConcurrency":80,"availableCpu":"1"},"labels":{"deployment-tool":"cli-firebase","deployment-callable":"true","firebase-functions-codebase":"webhook","firebase-functions-hash":"7bad0f437597469a79963b603d56489ba26d7879"},"environment":"GEN_2"},"stages":[{"name":"BUILD","message":"Build in progress","state":"IN_PROGRESS","resource":"projects/656491948525/locations/us-central1/builds/ded64b19-0328-4a9b-9e38-a19ada2c37ea","resourceUri":"https://console.cloud.google.com/cloud-build/builds;region=us-central1/ded64b19-0328-4a9b-9e38-a19ada2c37ea?project=656491948525"},{"name":"SERVICE","state":"NOT_STARTED"}],"operationType":"CREATE_FUNCTION","buildName":"projects/656491948525/locations/us-central1/builds/ded64b19-0328-4a9b-9e38-a19ada2c37ea"},"done":false}
[debug] [2025-05-21T21:44:06.871Z] [create-webhook-us-central1-updateSubscriptionStatus] Retrying task index 0
[debug] [2025-05-21T21:44:06.872Z] Checked if tokens are valid: true, expires at: 1747866725972
[debug] [2025-05-21T21:44:06.872Z] Checked if tokens are valid: true, expires at: 1747866725972
[debug] [2025-05-21T21:44:06.873Z] >>> [apiv2][query] GET https://cloudfunctions.googleapis.com/v2/projects/assist-app-6c044/locations/us-central1/operations/operation-1747863835170-635ac4302d5f3-459dca5b-f3d77e8d [none]
[debug] [2025-05-21T21:44:07.764Z] <<< [apiv2][status] GET https://cloudfunctions.googleapis.com/v2/projects/assist-app-6c044/locations/us-central1/operations/operation-1747863835170-635ac4302d5f3-459dca5b-f3d77e8d 200
[debug] [2025-05-21T21:44:07.764Z] <<< [apiv2][body] GET https://cloudfunctions.googleapis.com/v2/projects/assist-app-6c044/locations/us-central1/operations/operation-1747863835170-635ac4302d5f3-459dca5b-f3d77e8d {"name":"projects/assist-app-6c044/locations/us-central1/operations/operation-1747863835170-635ac4302d5f3-459dca5b-f3d77e8d","metadata":{"@type":"type.googleapis.com/google.cloud.functions.v2.OperationMetadata","createTime":"2025-05-21T21:43:55.815890885Z","target":"projects/assist-app-6c044/locations/us-central1/functions/updateSubscriptionStatus","verb":"create","cancelRequested":false,"apiVersion":"v2","requestResource":{"@type":"type.googleapis.com/google.cloud.functions.v2.Function","name":"projects/assist-app-6c044/locations/us-central1/functions/updateSubscriptionStatus","buildConfig":{"runtime":"nodejs18","entryPoint":"updateSubscriptionStatus","source":{"storageSource":{"bucket":"gcf-v2-sources-656491948525-us-central1","object":"updateSubscriptionStatus/function-source.zip","generation":"1747863835572793"}},"environmentVariables":{"GOOGLE_NODE_RUN_SCRIPTS":""},"serviceAccount":"projects/assist-app-6c044/serviceAccounts/656491948525-compute@developer.gserviceaccount.com","automaticUpdatePolicy":{}},"serviceConfig":{"service":"projects/assist-app-6c044/locations/us-central1/services/updatesubscriptionstatus","timeoutSeconds":60,"environmentVariables":{"FIREBASE_CONFIG":"{\"projectId\":\"assist-app-6c044\",\"storageBucket\":\"assist-app-6c044.firebasestorage.app\"}","GCLOUD_PROJECT":"assist-app-6c044","EVENTARC_CLOUD_EVENT_SOURCE":"projects/assist-app-6c044/locations/us-central1/services/updateSubscriptionStatus","FUNCTION_TARGET":"updateSubscriptionStatus","LOG_EXECUTION_ID":"true"},"ingressSettings":"ALLOW_ALL","serviceAccountEmail":"656491948525-compute@developer.gserviceaccount.com","availableMemory":"256Mi","maxInstanceRequestConcurrency":80,"availableCpu":"1"},"labels":{"deployment-tool":"cli-firebase","deployment-callable":"true","firebase-functions-codebase":"webhook","firebase-functions-hash":"7bad0f437597469a79963b603d56489ba26d7879"},"environment":"GEN_2"},"stages":[{"name":"BUILD","message":"Build in progress","state":"IN_PROGRESS","resource":"projects/656491948525/locations/us-central1/builds/ded64b19-0328-4a9b-9e38-a19ada2c37ea","resourceUri":"https://console.cloud.google.com/cloud-build/builds;region=us-central1/ded64b19-0328-4a9b-9e38-a19ada2c37ea?project=656491948525"},{"name":"SERVICE","state":"NOT_STARTED"}],"operationType":"CREATE_FUNCTION","buildName":"projects/656491948525/locations/us-central1/builds/ded64b19-0328-4a9b-9e38-a19ada2c37ea"},"done":false}
